Using pre-set license
Built from '2020.3/staging' branch; Version is '2020.3.17f1 (a4537701e4ab) revision 10769271'; Using compiler version '192528614'; Build Type 'Release'
OS: 'Windows 10 Education; OS build 19044.1706; Version 2009; 64bit' Language: 'ko' Physical Memory: 16316 MB
BatchMode: 1, IsHumanControllingUs: 0, StartBugReporterOnCrash: 0, Is64bit: 1, IsPro: 0

COMMAND LINE ARGUMENTS:
C:\Program Files\Unity\Hub\Editor\2020.3.17f1\Editor\Unity.exe
-adb2
-batchMode
-noUpm
-name
AssetImportWorker3
-projectPath
D:/Unity/Project/2022_MDP_OnlyMap/MDP-DEP-MAP
-logFile
Logs/AssetImportWorker3.log
-srvPort
50182
Successfully changed project path to: D:/Unity/Project/2022_MDP_OnlyMap/MDP-DEP-MAP
D:/Unity/Project/2022_MDP_OnlyMap/MDP-DEP-MAP
Using Asset Import Pipeline V2.
Refreshing native plugins compatible for Editor in 70.09 ms, found 5 plugins.
Preloading 1 native plugins for Editor in 0.99 ms.
Initialize engine version: 2020.3.17f1 (a4537701e4ab)
[Subsystems] Discovering subsystems at path C:/Program Files/Unity/Hub/Editor/2020.3.17f1/Editor/Data/Resources/UnitySubsystems
[Subsystems] Discovering subsystems at path D:/Unity/Project/2022_MDP_OnlyMap/MDP-DEP-MAP/Assets
GfxDevice: creating device client; threaded=0
Direct3D:
    Version:  Direct3D 11.0 [level 11.1]
    Renderer: NVIDIA GeForce GTX 1650 (ID=0x1f82)
    Vendor:   
    VRAM:     3962 MB
    Driver:   27.21.14.5671
Initialize mono
Mono path[0] = 'C:/Program Files/Unity/Hub/Editor/2020.3.17f1/Editor/Data/Managed'
Mono path[1] = 'C:/Program Files/Unity/Hub/Editor/2020.3.17f1/Editor/Data/MonoBleedingEdge/lib/mono/unityjit'
Mono config path = 'C:/Program Files/Unity/Hub/Editor/2020.3.17f1/Editor/Data/MonoBleedingEdge/etc'
Using monoOptions --debugger-agent=transport=dt_socket,embedding=1,server=y,suspend=n,address=127.0.0.1:56892
Begin MonoManager ReloadAssembly
Registering precompiled unity dll's ...
Register platform support module: C:/Program Files/Unity/Hub/Editor/2020.3.17f1/Editor/Data/PlaybackEngines/WebGLSupport/UnityEditor.WebGL.Extensions.dll
Register platform support module: C:/Program Files/Unity/Hub/Editor/2020.3.17f1/Editor/Data/PlaybackEngines/WindowsStandaloneSupport/UnityEditor.WindowsStandalone.Extensions.dll
Registered in 0.001659 seconds.
Native extension for WindowsStandalone target not found
Native extension for WebGL target not found
Refreshing native plugins compatible for Editor in 62.41 ms, found 5 plugins.
Preloading 1 native plugins for Editor in 0.05 ms.
Mono: successfully reloaded assembly
- Completed reload, in  1.891 seconds
Domain Reload Profiling:
	ReloadAssembly (1892ms)
		BeginReloadAssembly (59ms)
			ExecutionOrderSort (0ms)
			DisableScriptedObjects (0ms)
			BackupInstance (0ms)
			ReleaseScriptingObjects (0ms)
			CreateAndSetChildDomain (1ms)
		EndReloadAssembly (387ms)
			LoadAssemblies (59ms)
			RebuildTransferFunctionScriptingTraits (0ms)
			SetupTypeCache (135ms)
			ReleaseScriptCaches (0ms)
			RebuildScriptCaches (27ms)
			SetupLoadedEditorAssemblies (165ms)
				LogAssemblyErrors (0ms)
				InitializePlatformSupportModulesInManaged (4ms)
				SetLoadedEditorAssemblies (0ms)
				RefreshPlugins (63ms)
				BeforeProcessingInitializeOnLoad (14ms)
				ProcessInitializeOnLoadAttributes (63ms)
				ProcessInitializeOnLoadMethodAttributes (22ms)
				AfterProcessingInitializeOnLoad (0ms)
				EditorAssembliesLoaded (0ms)
			ExecutionOrderSort2 (0ms)
			AwakeInstancesAfterBackupRestoration (0ms)
Platform modules already initialized, skipping
Registering precompiled user dll's ...
Registered in 0.005071 seconds.
Begin MonoManager ReloadAssembly
Native extension for WindowsStandalone target not found
Native extension for WebGL target not found
Refreshing native plugins compatible for Editor in 80.38 ms, found 5 plugins.
Preloading 1 native plugins for Editor in 0.07 ms.
[XR] OculusXRPlugin: registering subsystems
[XR] Unable to register display lifecyle provider: [1]
[XR] Oculus Input lifecycle provider registered.
[XR] Unable to register input lifecyle provider: [1]
System.Reflection.TargetInvocationException: Exception has been thrown by the target of an invocation. ---> System.NullReferenceException: Object reference not set to an instance of an object
  at Unity.XR.Oculus.OculusLoader.AssetPathToAbsolutePath (System.String assetPath) [0x00048] in C:\Users\user\Documents\GitHub\2022_MDP_OnlyMap\MDP-DEP-MAP\Library\PackageCache\com.unity.xr.oculus@1.10.0\Runtime\OculusLoader.cs:250 
  at Unity.XR.Oculus.OculusLoader.EditorLoadOVRPlugin () [0x0007b] in C:\Users\user\Documents\GitHub\2022_MDP_OnlyMap\MDP-DEP-MAP\Library\PackageCache\com.unity.xr.oculus@1.10.0\Runtime\OculusLoader.cs:235 
  at (wrapper managed-to-native) System.Reflection.MonoMethod.InternalInvoke(System.Reflection.MonoMethod,object,object[],System.Exception&)
  at System.Reflection.MonoMethod.Invoke (System.Object obj, System.Reflection.BindingFlags invokeAttr, System.Reflection.Binder binder, System.Object[] parameters, System.Globalization.CultureInfo culture) [0x00032] in <695d1cc93cca45069c528c15c9fdd749>:0 
   --- End of inner exception stack trace ---
  at System.Reflection.MonoMethod.Invoke (System.Object obj, System.Reflection.BindingFlags invokeAttr, System.Reflection.Binder binder, System.Object[] parameters, System.Globalization.CultureInfo culture) [0x00048] in <695d1cc93cca45069c528c15c9fdd749>:0 
  at System.Reflection.MethodBase.Invoke (System.Object obj, System.Object[] parameters) [0x00000] in <695d1cc93cca45069c528c15c9fdd749>:0 
  at UnityEditor.EditorAssemblies.ProcessInitializeOnLoadMethodAttributes () [0x00047] in <d0e4b8c1204147f3935b6e9c8b8565ad>:0 
UnityEngine.StackTraceUtility:ExtractStackTrace ()
UnityEngine.DebugLogHandler:LogFormat (UnityEngine.LogType,UnityEngine.Object,string,object[])
UnityEngine.Logger:Log (UnityEngine.LogType,object)
UnityEngine.Debug:LogError (object)
UnityEditor.EditorAssemblies:ProcessInitializeOnLoadMethodAttributes ()

Mono: successfully reloaded assembly
- Completed reload, in  5.321 seconds
Domain Reload Profiling:
	ReloadAssembly (5323ms)
		BeginReloadAssembly (161ms)
			ExecutionOrderSort (0ms)
			DisableScriptedObjects (4ms)
			BackupInstance (0ms)
			ReleaseScriptingObjects (0ms)
			CreateAndSetChildDomain (18ms)
		EndReloadAssembly (4719ms)
			LoadAssemblies (3735ms)
			RebuildTransferFunctionScriptingTraits (0ms)
			SetupTypeCache (368ms)
			ReleaseScriptCaches (1ms)
			RebuildScriptCaches (60ms)
			SetupLoadedEditorAssemblies (447ms)
				LogAssemblyErrors (0ms)
				InitializePlatformSupportModulesInManaged (5ms)
				SetLoadedEditorAssemblies (0ms)
				RefreshPlugins (81ms)
				BeforeProcessingInitializeOnLoad (97ms)
				ProcessInitializeOnLoadAttributes (222ms)
				ProcessInitializeOnLoadMethodAttributes (39ms)
				AfterProcessingInitializeOnLoad (4ms)
				EditorAssembliesLoaded (0ms)
			ExecutionOrderSort2 (0ms)
			AwakeInstancesAfterBackupRestoration (6ms)
Platform modules already initialized, skipping
========================================================================
Worker process is ready to serve import requests
Launched and connected shader compiler UnityShaderCompiler.exe after 0.11 seconds
Refreshing native plugins compatible for Editor in 0.80 ms, found 5 plugins.
Preloading 1 native plugins for Editor in 0.05 ms.
Unloading 3599 Unused Serialized files (Serialized files now loaded: 0)
System memory in use before: 162.9 MB.
System memory in use after: 162.8 MB.

Unloading 26 unused Assets to reduce memory usage. Loaded Objects now: 4041.
Total: 4.225800 ms (FindLiveObjects: 0.285500 ms CreateObjectMapping: 0.237900 ms MarkObjects: 3.420700 ms  DeleteObjects: 0.280300 ms)

AssetImportParameters requested are different than current active one (requested -> active):
  custom:framework-win-MediaFoundation: 216162199b28c13a410421893ffa2e32 -> 
  custom:video-decoder-ogg-theora: a1e56fd34408186e4bbccfd4996cb3dc -> 
  custom:container-muxer-webm: aa71ff27fc2769a1b78a27578f13a17b -> 
  custom:container-demuxer-webm: 4f35f7cbe854078d1ac9338744f61a02 -> 
  custom:container-demuxer-ogg: 62fdf1f143b41e24485cea50d1cbac27 -> 
  custom:video-encoder-webm-vp8: eb34c28f22e8b96e1ab97ce403110664 -> 
  custom:video-decoder-webm-vp8: 9c59270c3fd7afecdb556c50c9e8de78 -> 
  custom:audio-decoder-ogg-vorbis: bf7c407c2cedff20999df2af8eb42d56 -> 
  custom:audio-encoder-webm-vorbis: bf7c407c2cedff20999df2af8eb42d56 -> 
========================================================================
Received Import Request.
  path: Assets/03.Map/restroom_door (5).prefab
  artifactKey: Guid(3178b2315e305d9469c05894f908de50) Importer(815301076,1909f56bfc062723c751e8b465ee728b)
Start importing Assets/03.Map/restroom_door (5).prefab using Guid(3178b2315e305d9469c05894f908de50) Importer(815301076,1909f56bfc062723c751e8b465ee728b)  -> (artifact id: '5d2185a907e6bcad0e0e35d9d8402d91') in 0.206781 seconds 
  Import took 0.237469 seconds .

========================================================================
Received Import Request.
  Time since last request: 0.000319 seconds.
  path: Assets/03.Map/MagicLake.prefab
  artifactKey: Guid(9b75bb5b5986f634990882ab4897d5ef) Importer(815301076,1909f56bfc062723c751e8b465ee728b)
Start importing Assets/03.Map/MagicLake.prefab using Guid(9b75bb5b5986f634990882ab4897d5ef) Importer(815301076,1909f56bfc062723c751e8b465ee728b)  -> (artifact id: '81bbfd2c8cd67747bdc3e02da97d9fd4') in 0.287251 seconds 
  Import took 0.353401 seconds .

========================================================================
Received Import Request.
  Time since last request: 0.000267 seconds.
  path: Assets/03.Map/New Material.mat
  artifactKey: Guid(c0794d276d7ef774ea277357c65e7143) Importer(815301076,1909f56bfc062723c751e8b465ee728b)
Start importing Assets/03.Map/New Material.mat using Guid(c0794d276d7ef774ea277357c65e7143) Importer(815301076,1909f56bfc062723c751e8b465ee728b)  -> (artifact id: '3384d14986a506ed7c73ccdb7fc6cfdb') in 0.128575 seconds 
  Import took 0.171293 seconds .

========================================================================
Received Import Request.
  Time since last request: 0.000318 seconds.
  path: Assets/03.Map/Canvas.prefab
  artifactKey: Guid(c8835a7c5f3af5e478c35f9b593f09df) Importer(815301076,1909f56bfc062723c751e8b465ee728b)
Start importing Assets/03.Map/Canvas.prefab using Guid(c8835a7c5f3af5e478c35f9b593f09df) Importer(815301076,1909f56bfc062723c751e8b465ee728b)  -> (artifact id: 'd1c045d40b7185a787bf53b35ddd901d') in 0.039147 seconds 
  Import took 0.108075 seconds .

========================================================================
Received Import Request.
  Time since last request: 86.141750 seconds.
  path: Assets/03.Map/restroom_door .prefab
  artifactKey: Guid(272665cc79e81bc47ace6b5dfabd9c73) Importer(815301076,1909f56bfc062723c751e8b465ee728b)
Start importing Assets/03.Map/restroom_door .prefab using Guid(272665cc79e81bc47ace6b5dfabd9c73) Importer(815301076,1909f56bfc062723c751e8b465ee728b)  -> (artifact id: '176998f321bc31d30b471fd901c7b981') in 0.104026 seconds 
  Import took 0.174005 seconds .

========================================================================
Received Import Request.
  Time since last request: 155.487054 seconds.
  path: Assets/03.Map/restroom_door .prefab
  artifactKey: Guid(272665cc79e81bc47ace6b5dfabd9c73) Importer(815301076,1909f56bfc062723c751e8b465ee728b)
Start importing Assets/03.Map/restroom_door .prefab using Guid(272665cc79e81bc47ace6b5dfabd9c73) Importer(815301076,1909f56bfc062723c751e8b465ee728b)  -> (artifact id: '7ef31a47d8ecf9e625da7a6ee2a98f46') in 0.012661 seconds 
  Import took 0.069969 seconds .

========================================================================
Received Import Request.
  Time since last request: 3.236667 seconds.
  path: Assets/03.Map/restroom_door .prefab
  artifactKey: Guid(272665cc79e81bc47ace6b5dfabd9c73) Importer(815301076,1909f56bfc062723c751e8b465ee728b)
Start importing Assets/03.Map/restroom_door .prefab using Guid(272665cc79e81bc47ace6b5dfabd9c73) Importer(815301076,1909f56bfc062723c751e8b465ee728b)  -> (artifact id: 'fa9416917b759d454f0fdf308f0f4006') in 0.013147 seconds 
  Import took 0.053776 seconds .

========================================================================
Received Import Request.
  Time since last request: 33.248629 seconds.
  path: Assets/03.Map/restroom_door .prefab
  artifactKey: Guid(272665cc79e81bc47ace6b5dfabd9c73) Importer(815301076,1909f56bfc062723c751e8b465ee728b)
Start importing Assets/03.Map/restroom_door .prefab using Guid(272665cc79e81bc47ace6b5dfabd9c73) Importer(815301076,1909f56bfc062723c751e8b465ee728b)  -> (artifact id: '7b326efb46aeeae9a904debe4e367d5d') in 0.012924 seconds 
  Import took 0.039006 seconds .

========================================================================
Received Import Request.
  Time since last request: 3.345536 seconds.
  path: Assets/03.Map/restroom_door .prefab
  artifactKey: Guid(272665cc79e81bc47ace6b5dfabd9c73) Importer(815301076,1909f56bfc062723c751e8b465ee728b)
Start importing Assets/03.Map/restroom_door .prefab using Guid(272665cc79e81bc47ace6b5dfabd9c73) Importer(815301076,1909f56bfc062723c751e8b465ee728b)  -> (artifact id: 'a6a5fce4ffb7677a4e6725a7f8ee99d6') in 0.012680 seconds 
  Import took 0.077274 seconds .

========================================================================
Received Import Request.
  Time since last request: 12.241646 seconds.
  path: Assets/03.Map/restroom_door .prefab
  artifactKey: Guid(272665cc79e81bc47ace6b5dfabd9c73) Importer(815301076,1909f56bfc062723c751e8b465ee728b)
Start importing Assets/03.Map/restroom_door .prefab using Guid(272665cc79e81bc47ace6b5dfabd9c73) Importer(815301076,1909f56bfc062723c751e8b465ee728b)  -> (artifact id: 'd01eb579211dc3a4f8cafc9d0d5f5c86') in 0.013359 seconds 
  Import took 0.089335 seconds .

========================================================================
Received Import Request.
  Time since last request: 20.572463 seconds.
  path: Assets/03.Map/restroom_door .prefab
  artifactKey: Guid(272665cc79e81bc47ace6b5dfabd9c73) Importer(815301076,1909f56bfc062723c751e8b465ee728b)
Start importing Assets/03.Map/restroom_door .prefab using Guid(272665cc79e81bc47ace6b5dfabd9c73) Importer(815301076,1909f56bfc062723c751e8b465ee728b)  -> (artifact id: 'd26a756dd1a493f77e214c2b95c5b6a9') in 0.013185 seconds 
  Import took 0.032915 seconds .

========================================================================
Received Import Request.
  Time since last request: 5.052557 seconds.
  path: Assets/03.Map/restroom_door .prefab
  artifactKey: Guid(272665cc79e81bc47ace6b5dfabd9c73) Importer(815301076,1909f56bfc062723c751e8b465ee728b)
Start importing Assets/03.Map/restroom_door .prefab using Guid(272665cc79e81bc47ace6b5dfabd9c73) Importer(815301076,1909f56bfc062723c751e8b465ee728b)  -> (artifact id: 'c5ed9edf0c3a31698d90c9b5b7dbbf42') in 0.012783 seconds 
  Import took 0.063359 seconds .

========================================================================
Received Import Request.
  Time since last request: 1.489514 seconds.
  path: Assets/03.Map/restroom_door .prefab
  artifactKey: Guid(272665cc79e81bc47ace6b5dfabd9c73) Importer(815301076,1909f56bfc062723c751e8b465ee728b)
Start importing Assets/03.Map/restroom_door .prefab using Guid(272665cc79e81bc47ace6b5dfabd9c73) Importer(815301076,1909f56bfc062723c751e8b465ee728b)  -> (artifact id: '7fde100f29cc0af64da18912d8cf9bb9') in 0.012768 seconds 
  Import took 0.066224 seconds .

========================================================================
Received Import Request.
  Time since last request: 0.950938 seconds.
  path: Assets/03.Map/restroom_door .prefab
  artifactKey: Guid(272665cc79e81bc47ace6b5dfabd9c73) Importer(815301076,1909f56bfc062723c751e8b465ee728b)
Start importing Assets/03.Map/restroom_door .prefab using Guid(272665cc79e81bc47ace6b5dfabd9c73) Importer(815301076,1909f56bfc062723c751e8b465ee728b)  -> (artifact id: '6670288e5e14d3d4f2c870caa2124b12') in 0.012916 seconds 
  Import took 0.051509 seconds .

========================================================================
Received Import Request.
  Time since last request: 1.125467 seconds.
  path: Assets/03.Map/restroom_door .prefab
  artifactKey: Guid(272665cc79e81bc47ace6b5dfabd9c73) Importer(815301076,1909f56bfc062723c751e8b465ee728b)
Start importing Assets/03.Map/restroom_door .prefab using Guid(272665cc79e81bc47ace6b5dfabd9c73) Importer(815301076,1909f56bfc062723c751e8b465ee728b)  -> (artifact id: 'b9074b48559127fc95544b429509c1fd') in 0.012237 seconds 
  Import took 0.030285 seconds .

========================================================================
Received Import Request.
  Time since last request: 8.459882 seconds.
  path: Assets/03.Map/restroom_door .prefab
  artifactKey: Guid(272665cc79e81bc47ace6b5dfabd9c73) Importer(815301076,1909f56bfc062723c751e8b465ee728b)
Start importing Assets/03.Map/restroom_door .prefab using Guid(272665cc79e81bc47ace6b5dfabd9c73) Importer(815301076,1909f56bfc062723c751e8b465ee728b)  -> (artifact id: '61ea4594f463e16ad2e933a58a2a85d2') in 0.013223 seconds 
  Import took 0.034243 seconds .

========================================================================
Received Import Request.
  Time since last request: 3.882125 seconds.
  path: Assets/03.Map/restroom_door .prefab
  artifactKey: Guid(272665cc79e81bc47ace6b5dfabd9c73) Importer(815301076,1909f56bfc062723c751e8b465ee728b)
Start importing Assets/03.Map/restroom_door .prefab using Guid(272665cc79e81bc47ace6b5dfabd9c73) Importer(815301076,1909f56bfc062723c751e8b465ee728b)  -> (artifact id: 'c30217f5b581955073639be0efeaacb4') in 0.012335 seconds 
  Import took 0.078205 seconds .

========================================================================
Received Import Request.
  Time since last request: 5.941118 seconds.
  path: Assets/03.Map/restroom_door .prefab
  artifactKey: Guid(272665cc79e81bc47ace6b5dfabd9c73) Importer(815301076,1909f56bfc062723c751e8b465ee728b)
Start importing Assets/03.Map/restroom_door .prefab using Guid(272665cc79e81bc47ace6b5dfabd9c73) Importer(815301076,1909f56bfc062723c751e8b465ee728b)  -> (artifact id: 'cbf2c9f823294ad73422cd365f248af6') in 0.021671 seconds 
  Import took 0.079633 seconds .

========================================================================
Received Import Request.
  Time since last request: 4.997409 seconds.
  path: Assets/03.Map/restroom_door .prefab
  artifactKey: Guid(272665cc79e81bc47ace6b5dfabd9c73) Importer(815301076,1909f56bfc062723c751e8b465ee728b)
Start importing Assets/03.Map/restroom_door .prefab using Guid(272665cc79e81bc47ace6b5dfabd9c73) Importer(815301076,1909f56bfc062723c751e8b465ee728b)  -> (artifact id: '45fafabc132d08941e0e3af31240b272') in 0.015462 seconds 
  Import took 0.056056 seconds .

========================================================================
Received Import Request.
  Time since last request: 11.092534 seconds.
  path: Assets/03.Map/restroom_door .prefab
  artifactKey: Guid(272665cc79e81bc47ace6b5dfabd9c73) Importer(815301076,1909f56bfc062723c751e8b465ee728b)
Start importing Assets/03.Map/restroom_door .prefab using Guid(272665cc79e81bc47ace6b5dfabd9c73) Importer(815301076,1909f56bfc062723c751e8b465ee728b)  -> (artifact id: '0fa1dff8d426d1eba84f66f8a61b4776') in 0.011853 seconds 
  Import took 0.062553 seconds .

========================================================================
Received Import Request.
  Time since last request: 4.522292 seconds.
  path: Assets/03.Map/restroom_door .prefab
  artifactKey: Guid(272665cc79e81bc47ace6b5dfabd9c73) Importer(815301076,1909f56bfc062723c751e8b465ee728b)
Start importing Assets/03.Map/restroom_door .prefab using Guid(272665cc79e81bc47ace6b5dfabd9c73) Importer(815301076,1909f56bfc062723c751e8b465ee728b)  -> (artifact id: 'd21e92d759daed54e4d4a1d74684dd7d') in 0.017741 seconds 
  Import took 0.023565 seconds .

========================================================================
Received Import Request.
  Time since last request: 6.073563 seconds.
  path: Assets/03.Map/restroom_door .prefab
  artifactKey: Guid(272665cc79e81bc47ace6b5dfabd9c73) Importer(815301076,1909f56bfc062723c751e8b465ee728b)
Start importing Assets/03.Map/restroom_door .prefab using Guid(272665cc79e81bc47ace6b5dfabd9c73) Importer(815301076,1909f56bfc062723c751e8b465ee728b)  -> (artifact id: '4aff5538d26a744fb8108cae82457b7f') in 0.016711 seconds 
  Import took 0.061311 seconds .

========================================================================
Received Import Request.
  Time since last request: 13.647750 seconds.
  path: Assets/03.Map/restroom_door .prefab
  artifactKey: Guid(272665cc79e81bc47ace6b5dfabd9c73) Importer(815301076,1909f56bfc062723c751e8b465ee728b)
Start importing Assets/03.Map/restroom_door .prefab using Guid(272665cc79e81bc47ace6b5dfabd9c73) Importer(815301076,1909f56bfc062723c751e8b465ee728b)  -> (artifact id: 'b92232c25ee3fc479a79d112b00ece55') in 0.012982 seconds 
  Import took 0.019265 seconds .

========================================================================
Received Import Request.
  Time since last request: 1.767157 seconds.
  path: Assets/03.Map/restroom_door .prefab
  artifactKey: Guid(272665cc79e81bc47ace6b5dfabd9c73) Importer(815301076,1909f56bfc062723c751e8b465ee728b)
Start importing Assets/03.Map/restroom_door .prefab using Guid(272665cc79e81bc47ace6b5dfabd9c73) Importer(815301076,1909f56bfc062723c751e8b465ee728b)  -> (artifact id: '4e4905e608ebb06dde7cee6e479066f1') in 0.011446 seconds 
  Import took 0.061510 seconds .

========================================================================
Received Import Request.
  Time since last request: 91.764615 seconds.
  path: Assets/05.Enemy/04.Ghoul/Ghoul@Animations.fbx
  artifactKey: Guid(ce65fa103f0e84b4289374b2a4bf93f8) Importer(815301076,1909f56bfc062723c751e8b465ee728b)
Start importing Assets/05.Enemy/04.Ghoul/Ghoul@Animations.fbx using Guid(ce65fa103f0e84b4289374b2a4bf93f8) Importer(815301076,1909f56bfc062723c751e8b465ee728b)  -> (artifact id: '33e5d958539be5d0b1659e527c040ac4') in 0.376551 seconds 
  Import took 0.383388 seconds .

========================================================================
Received Import Request.
  Time since last request: 0.941753 seconds.
  path: Assets/03.Map/11.Public toilet/Texture/Cement.png
  artifactKey: Guid(704aa4f7cd8724b47bc8fff08710f16a) Importer(815301076,1909f56bfc062723c751e8b465ee728b)
Start importing Assets/03.Map/11.Public toilet/Texture/Cement.png using Guid(704aa4f7cd8724b47bc8fff08710f16a) Importer(815301076,1909f56bfc062723c751e8b465ee728b)  -> (artifact id: 'd892918568df86594d36077a635bc517') in 0.120109 seconds 
  Import took 0.136505 seconds .

========================================================================
Received Import Request.
  Time since last request: 0.000272 seconds.
  path: Assets/03.Map/12.Table and chair/Standard Assets/Effects/TessellationShaders/Materials/TesselatedBumpSpecularDisplacement.mat
  artifactKey: Guid(26d8bdbc8646bde48b05fbaacaaa6577) Importer(815301076,1909f56bfc062723c751e8b465ee728b)
Start importing Assets/03.Map/12.Table and chair/Standard Assets/Effects/TessellationShaders/Materials/TesselatedBumpSpecularDisplacement.mat using Guid(26d8bdbc8646bde48b05fbaacaaa6577) Importer(815301076,1909f56bfc062723c751e8b465ee728b)  -> (artifact id: 'a0240348254aa0320d7a5eae9f5ab737') in 0.320943 seconds 
  Import took 0.343520 seconds .

========================================================================
Received Import Request.
  Time since last request: 0.000646 seconds.
  path: Assets/03.Map/11.Public toilet/Texture/CementNew.png
  artifactKey: Guid(955056240dcd9b948bd3a876a600efc7) Importer(815301076,1909f56bfc062723c751e8b465ee728b)
Start importing Assets/03.Map/11.Public toilet/Texture/CementNew.png using Guid(955056240dcd9b948bd3a876a600efc7) Importer(815301076,1909f56bfc062723c751e8b465ee728b)  -> (artifact id: '8752e579f0da66e1cfa5f6cd1af17ab3') in 0.032637 seconds 
  Import took 0.054400 seconds .

========================================================================
Received Import Request.
  Time since last request: 15.866317 seconds.
  path: Assets/05.Enemy/Tensori/SkinlessZombie/Art/Textures/axe_fireaxe_BaseMap.png
  artifactKey: Guid(56e23d3858906aa448bfdf0b5e41f1b2) Importer(815301076,1909f56bfc062723c751e8b465ee728b)
Start importing Assets/05.Enemy/Tensori/SkinlessZombie/Art/Textures/axe_fireaxe_BaseMap.png using Guid(56e23d3858906aa448bfdf0b5e41f1b2) Importer(815301076,1909f56bfc062723c751e8b465ee728b)  -> (artifact id: '543204a4032a3837f7a859e637a49baa') in 0.184252 seconds 
  Import took 0.227636 seconds .

========================================================================
Received Import Request.
  Time since last request: 0.109546 seconds.
  path: Assets/03.Map/06.Brick Project Studio/Apartment Kit/Models/Modular Wall Cabinet.fbx
  artifactKey: Guid(5a1710e01a2c88242a4499f68198d1f7) Importer(815301076,1909f56bfc062723c751e8b465ee728b)
Start importing Assets/03.Map/06.Brick Project Studio/Apartment Kit/Models/Modular Wall Cabinet.fbx using Guid(5a1710e01a2c88242a4499f68198d1f7) Importer(815301076,1909f56bfc062723c751e8b465ee728b)  -> (artifact id: 'e3bed558dd151c001ccfe23a0d8e78d9') in 0.123429 seconds 
  Import took 0.147140 seconds .

========================================================================
Received Import Request.
  Time since last request: 0.000369 seconds.
  path: Assets/03.Map/11.Public toilet/Prefab/bathroom Door .prefab
  artifactKey: Guid(25a09e8cf714327408f20b29fbfd4d7e) Importer(815301076,1909f56bfc062723c751e8b465ee728b)
Start importing Assets/03.Map/11.Public toilet/Prefab/bathroom Door .prefab using Guid(25a09e8cf714327408f20b29fbfd4d7e) Importer(815301076,1909f56bfc062723c751e8b465ee728b)  -> (artifact id: '57f6ac94c0e58f3fb59a602ffa4adc05') in 0.091090 seconds 
  Import took 0.115947 seconds .

========================================================================
Received Import Request.
  Time since last request: 0.224190 seconds.
  path: Assets/03.Map/11.Public toilet/Texture/glassBlue.png
  artifactKey: Guid(131f787123125a042a42902528354276) Importer(815301076,1909f56bfc062723c751e8b465ee728b)
Start importing Assets/03.Map/11.Public toilet/Texture/glassBlue.png using Guid(131f787123125a042a42902528354276) Importer(815301076,1909f56bfc062723c751e8b465ee728b)  -> (artifact id: 'bfdf0b3611010c08f36f0f5585849f33') in 0.033595 seconds 
  Import took 0.047046 seconds .

========================================================================
Received Import Request.
  Time since last request: 0.000959 seconds.
  path: Assets/03.Map/11.Public toilet/Texture/glassBlue.png
  artifactKey: Guid(131f787123125a042a42902528354276) Importer(815301076,1909f56bfc062723c751e8b465ee728b)
Start importing Assets/03.Map/11.Public toilet/Texture/glassBlue.png using Guid(131f787123125a042a42902528354276) Importer(815301076,1909f56bfc062723c751e8b465ee728b)  -> (artifact id: 'bfdf0b3611010c08f36f0f5585849f33') in 0.008775 seconds 
  Import took 0.014475 seconds .

========================================================================
Received Import Request.
  Time since last request: 290.096107 seconds.
  path: Assets/06.Materials/Materials/Mirror 1.mat
  artifactKey: Guid(2903ec787c74b2f4fb1b127c98a0b056) Importer(815301076,1909f56bfc062723c751e8b465ee728b)
Start importing Assets/06.Materials/Materials/Mirror 1.mat using Guid(2903ec787c74b2f4fb1b127c98a0b056) Importer(815301076,1909f56bfc062723c751e8b465ee728b)  -> (artifact id: '7a5b16e87e1e7e2e9464ac398fb7808a') in 0.055740 seconds 
  Import took 0.091054 seconds .

========================================================================
Received Import Request.
  Time since last request: 0.000405 seconds.
  path: Assets/06.Materials/Materials/New Render Texture.renderTexture
  artifactKey: Guid(4f9fabe27b6bb914890777d6fdde47bf) Importer(815301076,1909f56bfc062723c751e8b465ee728b)
Start importing Assets/06.Materials/Materials/New Render Texture.renderTexture using Guid(4f9fabe27b6bb914890777d6fdde47bf) Importer(815301076,1909f56bfc062723c751e8b465ee728b)  -> (artifact id: '6e7026b71443875b5af74cf2155f2fde') in 0.053270 seconds 
  Import took 0.077759 seconds .

========================================================================
Received Import Request.
  Time since last request: 0.003688 seconds.
  path: Assets/06.Materials/Materials/New Render Texture.renderTexture
  artifactKey: Guid(4f9fabe27b6bb914890777d6fdde47bf) Importer(815301076,1909f56bfc062723c751e8b465ee728b)
Start importing Assets/06.Materials/Materials/New Render Texture.renderTexture using Guid(4f9fabe27b6bb914890777d6fdde47bf) Importer(815301076,1909f56bfc062723c751e8b465ee728b)  -> (artifact id: '6e7026b71443875b5af74cf2155f2fde') in 0.019131 seconds 
  Import took 0.026434 seconds .

========================================================================
Received Prepare
Registering precompiled user dll's ...
Registered in 0.143885 seconds.
Begin MonoManager ReloadAssembly
Native extension for WindowsStandalone target not found
Native extension for WebGL target not found
Refreshing native plugins compatible for Editor in 0.76 ms, found 5 plugins.
Preloading 1 native plugins for Editor in 0.06 ms.
System.Reflection.TargetInvocationException: Exception has been thrown by the target of an invocation. ---> System.NullReferenceException: Object reference not set to an instance of an object
  at Unity.XR.Oculus.OculusLoader.AssetPathToAbsolutePath (System.String assetPath) [0x00048] in C:\Users\user\Documents\GitHub\2022_MDP_OnlyMap\MDP-DEP-MAP\Library\PackageCache\com.unity.xr.oculus@1.10.0\Runtime\OculusLoader.cs:250 
  at Unity.XR.Oculus.OculusLoader.EditorLoadOVRPlugin () [0x0007b] in C:\Users\user\Documents\GitHub\2022_MDP_OnlyMap\MDP-DEP-MAP\Library\PackageCache\com.unity.xr.oculus@1.10.0\Runtime\OculusLoader.cs:235 
  at (wrapper managed-to-native) System.Reflection.MonoMethod.InternalInvoke(System.Reflection.MonoMethod,object,object[],System.Exception&)
  at System.Reflection.MonoMethod.Invoke (System.Object obj, System.Reflection.BindingFlags invokeAttr, System.Reflection.Binder binder, System.Object[] parameters, System.Globalization.CultureInfo culture) [0x00032] in <695d1cc93cca45069c528c15c9fdd749>:0 
   --- End of inner exception stack trace ---
  at System.Reflection.MonoMethod.Invoke (System.Object obj, System.Reflection.BindingFlags invokeAttr, System.Reflection.Binder binder, System.Object[] parameters, System.Globalization.CultureInfo culture) [0x00048] in <695d1cc93cca45069c528c15c9fdd749>:0 
  at System.Reflection.MethodBase.Invoke (System.Object obj, System.Object[] parameters) [0x00000] in <695d1cc93cca45069c528c15c9fdd749>:0 
  at UnityEditor.EditorAssemblies.ProcessInitializeOnLoadMethodAttributes () [0x00047] in <d0e4b8c1204147f3935b6e9c8b8565ad>:0 
UnityEngine.StackTraceUtility:ExtractStackTrace ()
UnityEngine.DebugLogHandler:LogFormat (UnityEngine.LogType,UnityEngine.Object,string,object[])
UnityEngine.Logger:Log (UnityEngine.LogType,object)
UnityEngine.Debug:LogError (object)
UnityEditor.EditorAssemblies:ProcessInitializeOnLoadMethodAttributes ()

Mono: successfully reloaded assembly
- Completed reload, in  0.969 seconds
Domain Reload Profiling:
	ReloadAssembly (969ms)
		BeginReloadAssembly (118ms)
			ExecutionOrderSort (0ms)
			DisableScriptedObjects (3ms)
			BackupInstance (0ms)
			ReleaseScriptingObjects (0ms)
			CreateAndSetChildDomain (31ms)
		EndReloadAssembly (804ms)
			LoadAssemblies (101ms)
			RebuildTransferFunctionScriptingTraits (0ms)
			SetupTypeCache (285ms)
			ReleaseScriptCaches (1ms)
			RebuildScriptCaches (37ms)
			SetupLoadedEditorAssemblies (305ms)
				LogAssemblyErrors (0ms)
				InitializePlatformSupportModulesInManaged (4ms)
				SetLoadedEditorAssemblies (0ms)
				RefreshPlugins (1ms)
				BeforeProcessingInitializeOnLoad (75ms)
				ProcessInitializeOnLoadAttributes (206ms)
				ProcessInitializeOnLoadMethodAttributes (16ms)
				AfterProcessingInitializeOnLoad (3ms)
				EditorAssembliesLoaded (0ms)
			ExecutionOrderSort2 (0ms)
			AwakeInstancesAfterBackupRestoration (5ms)
Platform modules already initialized, skipping
Refreshing native plugins compatible for Editor in 0.78 ms, found 5 plugins.
Preloading 1 native plugins for Editor in 0.05 ms.
Unloading 3470 Unused Serialized files (Serialized files now loaded: 0)
System memory in use before: 168.6 MB.
System memory in use after: 168.5 MB.

Unloading 20 unused Assets to reduce memory usage. Loaded Objects now: 4094.
Total: 3.435000 ms (FindLiveObjects: 0.291000 ms CreateObjectMapping: 0.155200 ms MarkObjects: 2.758100 ms  DeleteObjects: 0.229900 ms)

AssetImportParameters requested are different than current active one (requested -> active):
  custom:framework-win-MediaFoundation: 216162199b28c13a410421893ffa2e32 -> 
  custom:video-decoder-ogg-theora: a1e56fd34408186e4bbccfd4996cb3dc -> 
  custom:container-muxer-webm: aa71ff27fc2769a1b78a27578f13a17b -> 
  custom:container-demuxer-webm: 4f35f7cbe854078d1ac9338744f61a02 -> 
  custom:container-demuxer-ogg: 62fdf1f143b41e24485cea50d1cbac27 -> 
  custom:video-encoder-webm-vp8: eb34c28f22e8b96e1ab97ce403110664 -> 
  custom:video-decoder-webm-vp8: 9c59270c3fd7afecdb556c50c9e8de78 -> 
  custom:audio-decoder-ogg-vorbis: bf7c407c2cedff20999df2af8eb42d56 -> 
  custom:audio-encoder-webm-vorbis: bf7c407c2cedff20999df2af8eb42d56 -> 
========================================================================
Received Import Request.
  Time since last request: 194.278480 seconds.
  path: Assets/06.Materials/Materials/Mirror.mat
  artifactKey: Guid(8fce2538f106f2c46b56f501b3cd7234) Importer(815301076,1909f56bfc062723c751e8b465ee728b)
Start importing Assets/06.Materials/Materials/Mirror.mat using Guid(8fce2538f106f2c46b56f501b3cd7234) Importer(815301076,1909f56bfc062723c751e8b465ee728b)  -> (artifact id: 'b303e198f45b8433d3444ba273d13d16') in 0.073712 seconds 
  Import took 0.105919 seconds .

