Using pre-set license
Built from '2020.3/staging' branch; Version is '2020.3.17f1 (a4537701e4ab) revision 10769271'; Using compiler version '192528614'; Build Type 'Release'
OS: 'Windows 10 Education; OS build 19044.1706; Version 2009; 64bit' Language: 'ko' Physical Memory: 16316 MB
BatchMode: 1, IsHumanControllingUs: 0, StartBugReporterOnCrash: 0, Is64bit: 1, IsPro: 0

COMMAND LINE ARGUMENTS:
C:\Program Files\Unity\Hub\Editor\2020.3.17f1\Editor\Unity.exe
-adb2
-batchMode
-noUpm
-name
AssetImportWorker0
-projectPath
C:/Users/user/Documents/GitHub/2022-MDP-MAP/MDP-DEP-MAP
-logFile
Logs/AssetImportWorker0.log
-srvPort
51881
Successfully changed project path to: C:/Users/user/Documents/GitHub/2022-MDP-MAP/MDP-DEP-MAP
C:/Users/user/Documents/GitHub/2022-MDP-MAP/MDP-DEP-MAP
Using Asset Import Pipeline V2.
Refreshing native plugins compatible for Editor in 53.60 ms, found 2 plugins.
Preloading 0 native plugins for Editor in 0.00 ms.
Initialize engine version: 2020.3.17f1 (a4537701e4ab)
[Subsystems] Discovering subsystems at path C:/Program Files/Unity/Hub/Editor/2020.3.17f1/Editor/Data/Resources/UnitySubsystems
[Subsystems] Discovering subsystems at path C:/Users/user/Documents/GitHub/2022-MDP-MAP/MDP-DEP-MAP/Assets
GfxDevice: creating device client; threaded=0
Direct3D:
    Version:  Direct3D 11.0 [level 11.1]
    Renderer: NVIDIA GeForce GTX 1650 (ID=0x1f82)
    Vendor:   
    VRAM:     3962 MB
    Driver:   27.21.14.5671
Initialize mono
Mono path[0] = 'C:/Program Files/Unity/Hub/Editor/2020.3.17f1/Editor/Data/Managed'
Mono path[1] = 'C:/Program Files/Unity/Hub/Editor/2020.3.17f1/Editor/Data/MonoBleedingEdge/lib/mono/unityjit'
Mono config path = 'C:/Program Files/Unity/Hub/Editor/2020.3.17f1/Editor/Data/MonoBleedingEdge/etc'
Using monoOptions --debugger-agent=transport=dt_socket,embedding=1,server=y,suspend=n,address=127.0.0.1:56656
Begin MonoManager ReloadAssembly
Registering precompiled unity dll's ...
Register platform support module: C:/Program Files/Unity/Hub/Editor/2020.3.17f1/Editor/Data/PlaybackEngines/WebGLSupport/UnityEditor.WebGL.Extensions.dll
Register platform support module: C:/Program Files/Unity/Hub/Editor/2020.3.17f1/Editor/Data/PlaybackEngines/WindowsStandaloneSupport/UnityEditor.WindowsStandalone.Extensions.dll
Registered in 0.001951 seconds.
Native extension for WindowsStandalone target not found
Native extension for WebGL target not found
Refreshing native plugins compatible for Editor in 54.61 ms, found 2 plugins.
Preloading 0 native plugins for Editor in 0.00 ms.
Mono: successfully reloaded assembly
- Completed reload, in  2.059 seconds
Domain Reload Profiling:
	ReloadAssembly (2060ms)
		BeginReloadAssembly (64ms)
			ExecutionOrderSort (0ms)
			DisableScriptedObjects (0ms)
			BackupInstance (0ms)
			ReleaseScriptingObjects (0ms)
			CreateAndSetChildDomain (1ms)
		EndReloadAssembly (409ms)
			LoadAssemblies (63ms)
			RebuildTransferFunctionScriptingTraits (0ms)
			SetupTypeCache (140ms)
			ReleaseScriptCaches (0ms)
			RebuildScriptCaches (30ms)
			SetupLoadedEditorAssemblies (172ms)
				LogAssemblyErrors (0ms)
				InitializePlatformSupportModulesInManaged (5ms)
				SetLoadedEditorAssemblies (0ms)
				RefreshPlugins (55ms)
				BeforeProcessingInitializeOnLoad (15ms)
				ProcessInitializeOnLoadAttributes (70ms)
				ProcessInitializeOnLoadMethodAttributes (27ms)
				AfterProcessingInitializeOnLoad (0ms)
				EditorAssembliesLoaded (0ms)
			ExecutionOrderSort2 (0ms)
			AwakeInstancesAfterBackupRestoration (0ms)
Platform modules already initialized, skipping
Registering precompiled user dll's ...
Registered in 0.004592 seconds.
Begin MonoManager ReloadAssembly
Native extension for WindowsStandalone target not found
Native extension for WebGL target not found
Refreshing native plugins compatible for Editor in 54.54 ms, found 2 plugins.
Preloading 0 native plugins for Editor in 0.00 ms.
Mono: successfully reloaded assembly
- Completed reload, in  1.194 seconds
Domain Reload Profiling:
	ReloadAssembly (1195ms)
		BeginReloadAssembly (155ms)
			ExecutionOrderSort (0ms)
			DisableScriptedObjects (4ms)
			BackupInstance (0ms)
			ReleaseScriptingObjects (0ms)
			CreateAndSetChildDomain (17ms)
		EndReloadAssembly (986ms)
			LoadAssemblies (107ms)
			RebuildTransferFunctionScriptingTraits (0ms)
			SetupTypeCache (289ms)
			ReleaseScriptCaches (1ms)
			RebuildScriptCaches (47ms)
			SetupLoadedEditorAssemblies (447ms)
				LogAssemblyErrors (0ms)
				InitializePlatformSupportModulesInManaged (4ms)
				SetLoadedEditorAssemblies (0ms)
				RefreshPlugins (55ms)
				BeforeProcessingInitializeOnLoad (80ms)
				ProcessInitializeOnLoadAttributes (298ms)
				ProcessInitializeOnLoadMethodAttributes (5ms)
				AfterProcessingInitializeOnLoad (4ms)
				EditorAssembliesLoaded (0ms)
			ExecutionOrderSort2 (0ms)
			AwakeInstancesAfterBackupRestoration (7ms)
Platform modules already initialized, skipping
========================================================================
Worker process is ready to serve import requests
Launched and connected shader compiler UnityShaderCompiler.exe after 0.04 seconds
Refreshing native plugins compatible for Editor in 1.86 ms, found 2 plugins.
Preloading 0 native plugins for Editor in 0.00 ms.
Unloading 2736 Unused Serialized files (Serialized files now loaded: 0)
System memory in use before: 134.6 MB.
System memory in use after: 134.5 MB.

Unloading 20 unused Assets to reduce memory usage. Loaded Objects now: 3174.
Total: 5.845300 ms (FindLiveObjects: 0.462000 ms CreateObjectMapping: 0.212200 ms MarkObjects: 4.834800 ms  DeleteObjects: 0.334100 ms)

AssetImportParameters requested are different than current active one (requested -> active):
  custom:framework-win-MediaFoundation: 216162199b28c13a410421893ffa2e32 -> 
  custom:video-decoder-ogg-theora: a1e56fd34408186e4bbccfd4996cb3dc -> 
  custom:container-muxer-webm: aa71ff27fc2769a1b78a27578f13a17b -> 
  custom:container-demuxer-webm: 4f35f7cbe854078d1ac9338744f61a02 -> 
  custom:container-demuxer-ogg: 62fdf1f143b41e24485cea50d1cbac27 -> 
  custom:video-encoder-webm-vp8: eb34c28f22e8b96e1ab97ce403110664 -> 
  custom:video-decoder-webm-vp8: 9c59270c3fd7afecdb556c50c9e8de78 -> 
  custom:audio-decoder-ogg-vorbis: bf7c407c2cedff20999df2af8eb42d56 -> 
  custom:audio-encoder-webm-vorbis: bf7c407c2cedff20999df2af8eb42d56 -> 
========================================================================
Received Import Request.
  path: Assets/Materials_/baesick.obj
  artifactKey: Guid(0df636edc59093b488b29f3baf432c0c) Importer(815301076,1909f56bfc062723c751e8b465ee728b)
Start importing Assets/Materials_/baesick.obj using Guid(0df636edc59093b488b29f3baf432c0c) Importer(815301076,1909f56bfc062723c751e8b465ee728b)  -> (artifact id: 'a2a7c9ad9f7f63ef166c0a5fadd5ce3b') in 0.249662 seconds 
  Import took 0.255681 seconds .

========================================================================
Received Import Request.
  Time since last request: 0.000280 seconds.
  path: Assets/Materials_/rice.obj
  artifactKey: Guid(67a956b5ba7194e4e836ffc6da46409b) Importer(815301076,1909f56bfc062723c751e8b465ee728b)
Start importing Assets/Materials_/rice.obj using Guid(67a956b5ba7194e4e836ffc6da46409b) Importer(815301076,1909f56bfc062723c751e8b465ee728b)  -> (artifact id: 'b32532331589b43d18d8b41e09cf39df') in 0.017655 seconds 
  Import took 0.021872 seconds .

========================================================================
Received Import Request.
  Time since last request: 0.000255 seconds.
  path: Assets/Materials_/desk_color.mat
  artifactKey: Guid(d70e31c9183b72840a2e64374f44da50) Importer(815301076,1909f56bfc062723c751e8b465ee728b)
Start importing Assets/Materials_/desk_color.mat using Guid(d70e31c9183b72840a2e64374f44da50) Importer(815301076,1909f56bfc062723c751e8b465ee728b)  -> (artifact id: 'd47c78fa1a7c83e3770124d0143b82dd') in 0.032990 seconds 
  Import took 0.037289 seconds .

========================================================================
Received Import Request.
  Time since last request: 0.000300 seconds.
  path: Assets/Materials_/bulgogi_texture.jpg
  artifactKey: Guid(04fa5c2b0657f58429544a5a91a1b4a2) Importer(815301076,1909f56bfc062723c751e8b465ee728b)
Start importing Assets/Materials_/bulgogi_texture.jpg using Guid(04fa5c2b0657f58429544a5a91a1b4a2) Importer(815301076,1909f56bfc062723c751e8b465ee728b)  -> (artifact id: 'edbadce3459de10a15d087a7ab735728') in 0.037064 seconds 
  Import took 0.041213 seconds .

========================================================================
Received Import Request.
  Time since last request: 0.000319 seconds.
  path: Assets/Materials_/New Material.mat
  artifactKey: Guid(172cbef6f36ae90408998c5de55e4ac9) Importer(815301076,1909f56bfc062723c751e8b465ee728b)
Start importing Assets/Materials_/New Material.mat using Guid(172cbef6f36ae90408998c5de55e4ac9) Importer(815301076,1909f56bfc062723c751e8b465ee728b)  -> (artifact id: '64debe42123fa611b90624ecfe9a8e38') in 0.008079 seconds 
  Import took 0.012368 seconds .

========================================================================
Received Import Request.
  Time since last request: 0.000259 seconds.
  path: Assets/Materials_/cooked_rice_texture.jpg
  artifactKey: Guid(ee40b38815b77a9478ad2fd00dcb2b81) Importer(815301076,1909f56bfc062723c751e8b465ee728b)
Start importing Assets/Materials_/cooked_rice_texture.jpg using Guid(ee40b38815b77a9478ad2fd00dcb2b81) Importer(815301076,1909f56bfc062723c751e8b465ee728b)  -> (artifact id: 'ff4f0ea8c9a3abf3d1e5b908949cafbb') in 0.010770 seconds 
  Import took 0.014427 seconds .

========================================================================
Received Import Request.
  Time since last request: 0.000313 seconds.
  path: Assets/Materials_/drinking_fountain.fbx
  artifactKey: Guid(eecbe8ecc1f6aba46b7f21c8cff79b2a) Importer(815301076,1909f56bfc062723c751e8b465ee728b)
Start importing Assets/Materials_/drinking_fountain.fbx using Guid(eecbe8ecc1f6aba46b7f21c8cff79b2a) Importer(815301076,1909f56bfc062723c751e8b465ee728b)  -> (artifact id: '601ced12370d455aec2ddbcc6a8884d3') in 0.121605 seconds 
  Import took 0.126028 seconds .

========================================================================
Received Import Request.
  Time since last request: 0.000328 seconds.
  path: Assets/Materials_/kimchi_texture.jpg
  artifactKey: Guid(dfbaa14b6b5513f4e916fb6bb6c8a28c) Importer(815301076,1909f56bfc062723c751e8b465ee728b)
Start importing Assets/Materials_/kimchi_texture.jpg using Guid(dfbaa14b6b5513f4e916fb6bb6c8a28c) Importer(815301076,1909f56bfc062723c751e8b465ee728b)  -> (artifact id: '00acaba1d24a03033ce48df2e279335d') in 0.006673 seconds 
  Import took 0.011366 seconds .

========================================================================
Received Import Request.
  Time since last request: 0.000299 seconds.
  path: Assets/Materials_/chair_color.mat
  artifactKey: Guid(63b32023503d8da4ea26535788e8141f) Importer(815301076,1909f56bfc062723c751e8b465ee728b)
Start importing Assets/Materials_/chair_color.mat using Guid(63b32023503d8da4ea26535788e8141f) Importer(815301076,1909f56bfc062723c751e8b465ee728b)  -> (artifact id: '7fa81de9e4c79ee7546df0c9d94bd1a9') in 0.007449 seconds 
  Import took 0.011392 seconds .

========================================================================
Received Import Request.
  Time since last request: 0.000337 seconds.
  path: Assets/Materials_/transparent_glass.mat
  artifactKey: Guid(11a95b39296880042a42e7ffbce7c2d7) Importer(815301076,1909f56bfc062723c751e8b465ee728b)
Start importing Assets/Materials_/transparent_glass.mat using Guid(11a95b39296880042a42e7ffbce7c2d7) Importer(815301076,1909f56bfc062723c751e8b465ee728b)  -> (artifact id: '30ab26779333e94fe414a4191ca7e150') in 0.017629 seconds 
  Import took 0.021949 seconds .

========================================================================
Received Import Request.
  Time since last request: 0.000358 seconds.
  path: Assets/Materials_/metal.mat
  artifactKey: Guid(8536ebc684282734e88d83f3d0a337fd) Importer(815301076,1909f56bfc062723c751e8b465ee728b)
Start importing Assets/Materials_/metal.mat using Guid(8536ebc684282734e88d83f3d0a337fd) Importer(815301076,1909f56bfc062723c751e8b465ee728b)  -> (artifact id: '27d57da0ad7ab265409b8f31d3fa3b15') in 0.007851 seconds 
  Import took 0.011667 seconds .

========================================================================
Received Import Request.
  Time since last request: 0.000282 seconds.
  path: Assets/Materials_/soup.obj
  artifactKey: Guid(bf97f4327735e0947958a35d95757d58) Importer(815301076,1909f56bfc062723c751e8b465ee728b)
Start importing Assets/Materials_/soup.obj using Guid(bf97f4327735e0947958a35d95757d58) Importer(815301076,1909f56bfc062723c751e8b465ee728b)  -> (artifact id: '437ee977f98211ef58681f89085468d0') in 0.020673 seconds 
  Import took 0.024586 seconds .

========================================================================
Received Import Request.
  Time since last request: 0.000479 seconds.
  path: Assets/Materials_/ddong_kuk_texture.jpg
  artifactKey: Guid(629d9361b6130004c93aa63984519dd6) Importer(815301076,1909f56bfc062723c751e8b465ee728b)
Start importing Assets/Materials_/ddong_kuk_texture.jpg using Guid(629d9361b6130004c93aa63984519dd6) Importer(815301076,1909f56bfc062723c751e8b465ee728b)  -> (artifact id: '1d09a54e63a85fed34e539614ce037ff') in 0.006709 seconds 
  Import took 0.010781 seconds .

========================================================================
Received Import Request.
  Time since last request: 0.000276 seconds.
  path: Assets/Materials_/spoon_chopstick.obj
  artifactKey: Guid(67959511743885a42b5313e4ed5d4d57) Importer(815301076,1909f56bfc062723c751e8b465ee728b)
Start importing Assets/Materials_/spoon_chopstick.obj using Guid(67959511743885a42b5313e4ed5d4d57) Importer(815301076,1909f56bfc062723c751e8b465ee728b)  -> (artifact id: '527afe910740be700745c0c3e035b0cf') in 0.020286 seconds 
  Import took 0.024680 seconds .

========================================================================
Received Import Request.
  Time since last request: 0.000301 seconds.
  path: Assets/Materials_/soup.obj
  artifactKey: Guid(bf97f4327735e0947958a35d95757d58) Importer(815301076,1909f56bfc062723c751e8b465ee728b)
Start importing Assets/Materials_/soup.obj using Guid(bf97f4327735e0947958a35d95757d58) Importer(815301076,1909f56bfc062723c751e8b465ee728b)  -> (artifact id: '437ee977f98211ef58681f89085468d0') in 0.021613 seconds 
  Import took 0.025463 seconds .

========================================================================
Received Import Request.
  Time since last request: 0.000286 seconds.
  path: Assets/Materials_/spoon_chopstick.obj
  artifactKey: Guid(67959511743885a42b5313e4ed5d4d57) Importer(815301076,1909f56bfc062723c751e8b465ee728b)
Start importing Assets/Materials_/spoon_chopstick.obj using Guid(67959511743885a42b5313e4ed5d4d57) Importer(815301076,1909f56bfc062723c751e8b465ee728b)  -> (artifact id: '527afe910740be700745c0c3e035b0cf') in 0.020147 seconds 
  Import took 0.024062 seconds .

========================================================================
Received Import Request.
  Time since last request: 4029.537152 seconds.
  path: Assets/Public toilet/Materials/Blue glass_.mat
  artifactKey: Guid(750846c444f328b4384697fd29fee72b) Importer(815301076,1909f56bfc062723c751e8b465ee728b)
Start importing Assets/Public toilet/Materials/Blue glass_.mat using Guid(750846c444f328b4384697fd29fee72b) Importer(815301076,1909f56bfc062723c751e8b465ee728b)  -> (artifact id: '92d30ed9a81983030f77c10b315a574c') in 0.026453 seconds 
  Import took 0.031196 seconds .

========================================================================
Received Import Request.
  Time since last request: 0.000270 seconds.
  path: Assets/Public toilet/Materials/Gray_.mat
  artifactKey: Guid(96c871b284e24974db09e2ffef7964d6) Importer(815301076,1909f56bfc062723c751e8b465ee728b)
Start importing Assets/Public toilet/Materials/Gray_.mat using Guid(96c871b284e24974db09e2ffef7964d6) Importer(815301076,1909f56bfc062723c751e8b465ee728b)  -> (artifact id: '10826e342a06464f900de23614338734') in 0.015535 seconds 
  Import took 0.019465 seconds .

========================================================================
Received Import Request.
  Time since last request: 0.000302 seconds.
  path: Assets/Public toilet/Materials/New Material.mat
  artifactKey: Guid(aac87c2d18b80ef4ea45efe311b99bcd) Importer(815301076,1909f56bfc062723c751e8b465ee728b)
Start importing Assets/Public toilet/Materials/New Material.mat using Guid(aac87c2d18b80ef4ea45efe311b99bcd) Importer(815301076,1909f56bfc062723c751e8b465ee728b)  -> (artifact id: 'bc318157d68d8af5d2fa0702475d2cfb') in 0.013975 seconds 
  Import took 0.017955 seconds .

========================================================================
Received Import Request.
  Time since last request: 0.000272 seconds.
  path: Assets/Public toilet/Materials/glass.mat
  artifactKey: Guid(5359e33af0c53b849b2c470af4600950) Importer(815301076,1909f56bfc062723c751e8b465ee728b)
Start importing Assets/Public toilet/Materials/glass.mat using Guid(5359e33af0c53b849b2c470af4600950) Importer(815301076,1909f56bfc062723c751e8b465ee728b)  -> (artifact id: 'e808ba09d9b2fee6346ccb80b8b58808') in 0.007612 seconds 
  Import took 0.011999 seconds .

========================================================================
Received Import Request.
  Time since last request: 0.000273 seconds.
  path: Assets/Public toilet/Materials/water_.mat
  artifactKey: Guid(c1722913d52ee8846b4a1a3b4fec2372) Importer(815301076,1909f56bfc062723c751e8b465ee728b)
Start importing Assets/Public toilet/Materials/water_.mat using Guid(c1722913d52ee8846b4a1a3b4fec2372) Importer(815301076,1909f56bfc062723c751e8b465ee728b)  -> (artifact id: '49ab82cb5924f6410d24e430fdd7c4bb') in 0.013135 seconds 
  Import took 0.017438 seconds .

========================================================================
Received Import Request.
  Time since last request: 0.000287 seconds.
  path: Assets/Public toilet/Materials/whiteTiles.mat
  artifactKey: Guid(2318621d1f3862e41a4464e5e6aa8dcd) Importer(815301076,1909f56bfc062723c751e8b465ee728b)
Start importing Assets/Public toilet/Materials/whiteTiles.mat using Guid(2318621d1f3862e41a4464e5e6aa8dcd) Importer(815301076,1909f56bfc062723c751e8b465ee728b)  -> (artifact id: 'cb7441653b8a6fdd593238f72233ba95') in 0.008917 seconds 
  Import took 0.013459 seconds .

========================================================================
Received Import Request.
  Time since last request: 0.000323 seconds.
  path: Assets/Public toilet/Materials/Light_.mat
  artifactKey: Guid(a45a7d48cb4e421498401de188499ec5) Importer(815301076,1909f56bfc062723c751e8b465ee728b)
Start importing Assets/Public toilet/Materials/Light_.mat using Guid(a45a7d48cb4e421498401de188499ec5) Importer(815301076,1909f56bfc062723c751e8b465ee728b)  -> (artifact id: '426dc47cd910aa2a1e65ad8aa8b74eac') in 0.014065 seconds 
  Import took 0.018158 seconds .

========================================================================
Received Import Request.
  Time since last request: 0.000306 seconds.
  path: Assets/Public toilet/Materials/Off white.mat
  artifactKey: Guid(b83addb831fe20b41be9397fcefcebd9) Importer(815301076,1909f56bfc062723c751e8b465ee728b)
Start importing Assets/Public toilet/Materials/Off white.mat using Guid(b83addb831fe20b41be9397fcefcebd9) Importer(815301076,1909f56bfc062723c751e8b465ee728b)  -> (artifact id: 'f6011cd8463567010e0bc18f33f07d11') in 0.009061 seconds 
  Import took 0.013396 seconds .

========================================================================
Received Import Request.
  Time since last request: 0.000445 seconds.
  path: Assets/Public toilet/Materials/Cement new_.mat
  artifactKey: Guid(a2bf6074992740946af39e4c56d4d716) Importer(815301076,1909f56bfc062723c751e8b465ee728b)
Start importing Assets/Public toilet/Materials/Cement new_.mat using Guid(a2bf6074992740946af39e4c56d4d716) Importer(815301076,1909f56bfc062723c751e8b465ee728b)  -> (artifact id: '119a4aaf52117cd22d95d573c49eb6db') in 0.012584 seconds 
  Import took 0.016661 seconds .

========================================================================
Received Import Request.
  Time since last request: 0.000344 seconds.
  path: Assets/Public toilet/Materials/CementNew.mat
  artifactKey: Guid(b80b44306731b99478b6aff2d9fbfce1) Importer(815301076,1909f56bfc062723c751e8b465ee728b)
Start importing Assets/Public toilet/Materials/CementNew.mat using Guid(b80b44306731b99478b6aff2d9fbfce1) Importer(815301076,1909f56bfc062723c751e8b465ee728b)  -> (artifact id: 'd8fd6ca56b7e1dd6d1cfcfba6ff3079c') in 0.009505 seconds 
  Import took 0.013636 seconds .

========================================================================
Received Import Request.
  Time since last request: 0.000278 seconds.
  path: Assets/Public toilet/Materials/Old Metal.mat
  artifactKey: Guid(bcb004b15e18ea34e9770a2aae98f82d) Importer(815301076,1909f56bfc062723c751e8b465ee728b)
Start importing Assets/Public toilet/Materials/Old Metal.mat using Guid(bcb004b15e18ea34e9770a2aae98f82d) Importer(815301076,1909f56bfc062723c751e8b465ee728b)  -> (artifact id: '7a698f2b04503bb33cba7fceb77b5e19') in 0.008421 seconds 
  Import took 0.012566 seconds .

========================================================================
Received Import Request.
  Time since last request: 0.000286 seconds.
  path: Assets/Public toilet/Materials/Blue_.mat
  artifactKey: Guid(93c0385e338f2ac4c9227be14b534c43) Importer(815301076,1909f56bfc062723c751e8b465ee728b)
Start importing Assets/Public toilet/Materials/Blue_.mat using Guid(93c0385e338f2ac4c9227be14b534c43) Importer(815301076,1909f56bfc062723c751e8b465ee728b)  -> (artifact id: '9396a3d9560829917c639c34a299d7f9') in 0.014728 seconds 
  Import took 0.019001 seconds .

========================================================================
Received Import Request.
  Time since last request: 0.000251 seconds.
  path: Assets/Public toilet/Materials/Cement.mat
  artifactKey: Guid(0be720858eb008846b5e83f6d53eb752) Importer(815301076,1909f56bfc062723c751e8b465ee728b)
Start importing Assets/Public toilet/Materials/Cement.mat using Guid(0be720858eb008846b5e83f6d53eb752) Importer(815301076,1909f56bfc062723c751e8b465ee728b)  -> (artifact id: '0784958e82f58ebba9d3844c829a2855') in 0.008378 seconds 
  Import took 0.013098 seconds .

========================================================================
Received Import Request.
  Time since last request: 304.443422 seconds.
  path: Assets/AssetStoreOriginals
  artifactKey: Guid(084e6cd76e45bb14c8eacce585b812d8) Importer(815301076,1909f56bfc062723c751e8b465ee728b)
Start importing Assets/AssetStoreOriginals using Guid(084e6cd76e45bb14c8eacce585b812d8) Importer(815301076,1909f56bfc062723c751e8b465ee728b)  -> (artifact id: 'e99799ea9c30122afc1b724c978335e2') in 0.001865 seconds 
  Import took 0.006661 seconds .

========================================================================
Received Import Request.
  Time since last request: 8.080706 seconds.
  path: Assets/Dark Grey Washing Machine/Meshes/Dark Grey Washing Machine.FBX
  artifactKey: Guid(b1275727fb48e244c8e73b1dc62f7070) Importer(815301076,1909f56bfc062723c751e8b465ee728b)
Start importing Assets/Dark Grey Washing Machine/Meshes/Dark Grey Washing Machine.FBX using Guid(b1275727fb48e244c8e73b1dc62f7070) Importer(815301076,1909f56bfc062723c751e8b465ee728b)  -> (artifact id: '209b421a389a68093a4e5f339271bd83') in 0.017795 seconds 
  Import took 0.022787 seconds .

========================================================================
Received Import Request.
  Time since last request: 0.000292 seconds.
  path: Assets/Dark Grey Washing Machine/Prefabs/Dark Grey Washing Machine.prefab
  artifactKey: Guid(dae7d646a7bef964da25da85bffd93af) Importer(815301076,1909f56bfc062723c751e8b465ee728b)
Start importing Assets/Dark Grey Washing Machine/Prefabs/Dark Grey Washing Machine.prefab using Guid(dae7d646a7bef964da25da85bffd93af) Importer(815301076,1909f56bfc062723c751e8b465ee728b)  -> (artifact id: 'f9d4f25ee213adba6583c032bf88f0b4') in 0.011447 seconds 
  Import took 0.014794 seconds .

========================================================================
Received Import Request.
  Time since last request: 5.759011 seconds.
  path: Assets/Dark Grey Washing Machine/Meshes/Dark Grey Washing Machine.fbm
  artifactKey: Guid(a9d963ac660f2bd4388c846af60fd43a) Importer(815301076,1909f56bfc062723c751e8b465ee728b)
Start importing Assets/Dark Grey Washing Machine/Meshes/Dark Grey Washing Machine.fbm using Guid(a9d963ac660f2bd4388c846af60fd43a) Importer(815301076,1909f56bfc062723c751e8b465ee728b)  -> (artifact id: 'd8e3c8d610f985f9561446d48e5cbfe2') in 0.001713 seconds 
  Import took 0.007875 seconds .

========================================================================
Received Import Request.
  Time since last request: 0.512837 seconds.
  path: Assets/Dark Grey Washing Machine
  artifactKey: Guid(89276bccbeea42248bbfe3f6450e6bc6) Importer(815301076,1909f56bfc062723c751e8b465ee728b)
Start importing Assets/Dark Grey Washing Machine using Guid(89276bccbeea42248bbfe3f6450e6bc6) Importer(815301076,1909f56bfc062723c751e8b465ee728b)  -> (artifact id: '3f3fdca9f52e266202cb0290a2f9bbcf') in 0.002227 seconds 
  Import took 0.007421 seconds .

========================================================================
Received Import Request.
  Time since last request: 34.341288 seconds.
  path: Packages/com.unity.collab-proxy/Editor/Collaborate/Assets/Icons/added-file-dark.png
  artifactKey: Guid(1a4f52b613391cd449af3ad2e44affeb) Importer(815301076,1909f56bfc062723c751e8b465ee728b)
Start importing Packages/com.unity.collab-proxy/Editor/Collaborate/Assets/Icons/added-file-dark.png using Guid(1a4f52b613391cd449af3ad2e44affeb) Importer(815301076,1909f56bfc062723c751e8b465ee728b)  -> (artifact id: 'fc0fa178ea12f7d3385f59ceb88415da') in 0.008613 seconds 
  Import took 0.013915 seconds .

========================================================================
Received Import Request.
  Time since last request: 0.000394 seconds.
  path: Packages/com.unity.collab-proxy/Editor/Collaborate/Assets/Icons/choose-remote-dark.png
  artifactKey: Guid(289215d22fcafb941b9e25f8609e25b9) Importer(815301076,1909f56bfc062723c751e8b465ee728b)
Start importing Packages/com.unity.collab-proxy/Editor/Collaborate/Assets/Icons/choose-remote-dark.png using Guid(289215d22fcafb941b9e25f8609e25b9) Importer(815301076,1909f56bfc062723c751e8b465ee728b)  -> (artifact id: 'bd9c7f0b7af640777e7dfd656d89a44d') in 0.006081 seconds 
  Import took 0.009849 seconds .

========================================================================
Received Import Request.
  Time since last request: 0.000329 seconds.
  path: Packages/com.unity.collab-proxy/Editor/Collaborate/Assets/Icons/collaborate-done-dark@2x.png
  artifactKey: Guid(fba4512e3548e0548b2cf4f11913e257) Importer(815301076,1909f56bfc062723c751e8b465ee728b)
Start importing Packages/com.unity.collab-proxy/Editor/Collaborate/Assets/Icons/collaborate-done-dark@2x.png using Guid(fba4512e3548e0548b2cf4f11913e257) Importer(815301076,1909f56bfc062723c751e8b465ee728b)  -> (artifact id: '9c6ac1369df6bb69c73d25f182bcde7b') in 0.009865 seconds 
  Import took 0.013556 seconds .

========================================================================
Received Import Request.
  Time since last request: 0.000316 seconds.
  path: Packages/com.unity.collab-proxy/Editor/Collaborate/Assets/Icons/collaborate-offline-dark@2x.png
  artifactKey: Guid(c9fb8470579cf8440975e58c5df98216) Importer(815301076,1909f56bfc062723c751e8b465ee728b)
Start importing Packages/com.unity.collab-proxy/Editor/Collaborate/Assets/Icons/collaborate-offline-dark@2x.png using Guid(c9fb8470579cf8440975e58c5df98216) Importer(815301076,1909f56bfc062723c751e8b465ee728b)  -> (artifact id: '13d159ffb1d4eccc4ea7598b5fb3fb41') in 0.007077 seconds 
  Import took 0.010545 seconds .

========================================================================
Received Import Request.
  Time since last request: 0.000247 seconds.
  path: Packages/com.unity.collab-proxy/Editor/Collaborate/Assets/Icons/edited-file-dark@2x.png
  artifactKey: Guid(cdf2b54d520524c418aed1dc00eec185) Importer(815301076,1909f56bfc062723c751e8b465ee728b)
Start importing Packages/com.unity.collab-proxy/Editor/Collaborate/Assets/Icons/edited-file-dark@2x.png using Guid(cdf2b54d520524c418aed1dc00eec185) Importer(815301076,1909f56bfc062723c751e8b465ee728b)  -> (artifact id: 'ef618909812d8db5ff002ced1e5445af') in 0.012954 seconds 
  Import took 0.016668 seconds .

========================================================================
Received Import Request.
  Time since last request: 0.000262 seconds.
  path: Packages/com.unity.collab-proxy/Editor/Collaborate/Assets/Icons/collaborate-dark@2x.png
  artifactKey: Guid(158d9c687149a0e499002e08c9420c70) Importer(815301076,1909f56bfc062723c751e8b465ee728b)
Start importing Packages/com.unity.collab-proxy/Editor/Collaborate/Assets/Icons/collaborate-dark@2x.png using Guid(158d9c687149a0e499002e08c9420c70) Importer(815301076,1909f56bfc062723c751e8b465ee728b)  -> (artifact id: '40ec75c9450e19578da0fecaa5311ea6') in 0.034215 seconds 
  Import took 0.040911 seconds .

========================================================================
Received Import Request.
  Time since last request: 0.000529 seconds.
  path: Packages/com.unity.collab-proxy/Editor/Collaborate/Assets/Icons/revert-asset-dark@2x.png
  artifactKey: Guid(f79532ed53993a24fb2d007f647d3f97) Importer(815301076,1909f56bfc062723c751e8b465ee728b)
Start importing Packages/com.unity.collab-proxy/Editor/Collaborate/Assets/Icons/revert-asset-dark@2x.png using Guid(f79532ed53993a24fb2d007f647d3f97) Importer(815301076,1909f56bfc062723c751e8b465ee728b)  -> (artifact id: '47d4121c2fda1efc3559a4426022eac4') in 0.006749 seconds 
  Import took 0.013871 seconds .

========================================================================
Received Import Request.
  Time since last request: 0.000306 seconds.
  path: Packages/com.unity.collab-proxy/Editor/Collaborate/Assets/Icons/conflicted-file-dark@2x.png
  artifactKey: Guid(68295f1d2b4db9040ac84ac00d5554a6) Importer(815301076,1909f56bfc062723c751e8b465ee728b)
Start importing Packages/com.unity.collab-proxy/Editor/Collaborate/Assets/Icons/conflicted-file-dark@2x.png using Guid(68295f1d2b4db9040ac84ac00d5554a6) Importer(815301076,1909f56bfc062723c751e8b465ee728b)  -> (artifact id: 'c9d8a9ae4638a6e14fbfb30e8cefe0ed') in 0.016475 seconds 
  Import took 0.020052 seconds .

========================================================================
Received Import Request.
  Time since last request: 0.000257 seconds.
  path: Packages/com.unity.collab-proxy/Editor/Collaborate/Assets/Icons/collaborate-error-dark.png
  artifactKey: Guid(3eeca90c1ad2c46499941d0901eef4c6) Importer(815301076,1909f56bfc062723c751e8b465ee728b)
Start importing Packages/com.unity.collab-proxy/Editor/Collaborate/Assets/Icons/collaborate-error-dark.png using Guid(3eeca90c1ad2c46499941d0901eef4c6) Importer(815301076,1909f56bfc062723c751e8b465ee728b)  -> (artifact id: '19e41a97e511195f24a5f9743e92fbb4') in 0.008523 seconds 
  Import took 0.011909 seconds .

========================================================================
Received Import Request.
  Time since last request: 0.000260 seconds.
  path: Packages/com.unity.collab-proxy/Editor/Collaborate/Assets/Icons/merge-conflicts-dark.png
  artifactKey: Guid(f15453c5e25703942b480f17a40794f5) Importer(815301076,1909f56bfc062723c751e8b465ee728b)
Start importing Packages/com.unity.collab-proxy/Editor/Collaborate/Assets/Icons/merge-conflicts-dark.png using Guid(f15453c5e25703942b480f17a40794f5) Importer(815301076,1909f56bfc062723c751e8b465ee728b)  -> (artifact id: 'fe9b70a4edee2c63409a4ff2843dd3dd') in 0.028129 seconds 
  Import took 0.032500 seconds .

========================================================================
Received Import Request.
  Time since last request: 0.000302 seconds.
  path: Packages/com.unity.collab-proxy/Editor/Collaborate/Assets/Icons/collaborate-offline-dark.png
  artifactKey: Guid(594fa102c56c0274db9edabc563d7dcb) Importer(815301076,1909f56bfc062723c751e8b465ee728b)
Start importing Packages/com.unity.collab-proxy/Editor/Collaborate/Assets/Icons/collaborate-offline-dark.png using Guid(594fa102c56c0274db9edabc563d7dcb) Importer(815301076,1909f56bfc062723c751e8b465ee728b)  -> (artifact id: 'd8f661028dab79e3c2b63323a7411d08') in 0.007313 seconds 
  Import took 0.011441 seconds .

========================================================================
Received Import Request.
  Time since last request: 0.000261 seconds.
  path: Packages/com.unity.collab-proxy/Editor/Collaborate/Assets/Icons/choose-mine-dark@2x.png
  artifactKey: Guid(39c95c5cb14167543b9aa5908c94bb71) Importer(815301076,1909f56bfc062723c751e8b465ee728b)
Start importing Packages/com.unity.collab-proxy/Editor/Collaborate/Assets/Icons/choose-mine-dark@2x.png using Guid(39c95c5cb14167543b9aa5908c94bb71) Importer(815301076,1909f56bfc062723c751e8b465ee728b)  -> (artifact id: 'ea192bfac683b726916ad412571bb173') in 0.029344 seconds 
  Import took 0.034774 seconds .

========================================================================
Received Import Request.
  Time since last request: 0.000585 seconds.
  path: Packages/com.unity.collab-proxy/Editor/Collaborate/Assets/Icons/deleted-file-dark.png
  artifactKey: Guid(ce3ca6a541b5fbc4c80edb5195d78731) Importer(815301076,1909f56bfc062723c751e8b465ee728b)
Start importing Packages/com.unity.collab-proxy/Editor/Collaborate/Assets/Icons/deleted-file-dark.png using Guid(ce3ca6a541b5fbc4c80edb5195d78731) Importer(815301076,1909f56bfc062723c751e8b465ee728b)  -> (artifact id: '545001d17c6c7c10b2566830200bdf85') in 0.011281 seconds 
  Import took 0.016395 seconds .

========================================================================
Received Import Request.
  Time since last request: 0.000340 seconds.
  path: Packages/com.unity.collab-proxy/Editor/Collaborate/Assets/Icons/revert-asset-dark.png
  artifactKey: Guid(23933ab6b291bc54ba1b99b5fcb9ec80) Importer(815301076,1909f56bfc062723c751e8b465ee728b)
Start importing Packages/com.unity.collab-proxy/Editor/Collaborate/Assets/Icons/revert-asset-dark.png using Guid(23933ab6b291bc54ba1b99b5fcb9ec80) Importer(815301076,1909f56bfc062723c751e8b465ee728b)  -> (artifact id: '1e24bcfb5fe11843b0fa41c48ce10754') in 0.016384 seconds 
  Import took 0.020642 seconds .

========================================================================
Received Import Request.
  Time since last request: 0.000360 seconds.
  path: Packages/com.unity.textmeshpro/Editor Resources/Textures/SectionHeader_Dark.psd
  artifactKey: Guid(fb5730e24283d0c489e5c7d0bee023d9) Importer(815301076,1909f56bfc062723c751e8b465ee728b)
Start importing Packages/com.unity.textmeshpro/Editor Resources/Textures/SectionHeader_Dark.psd using Guid(fb5730e24283d0c489e5c7d0bee023d9) Importer(815301076,1909f56bfc062723c751e8b465ee728b)  -> (artifact id: 'b849e369923b428d5a61ad7ca7ba4fe0') in 0.012041 seconds 
  Import took 0.016390 seconds .

========================================================================
Received Import Request.
  Time since last request: 0.000296 seconds.
  path: Packages/com.unity.collab-proxy/Editor/Collaborate/Assets/Icons/conflicted-file-dark.png
  artifactKey: Guid(16b10562fce5a0f4794872a75d897cc9) Importer(815301076,1909f56bfc062723c751e8b465ee728b)
Start importing Packages/com.unity.collab-proxy/Editor/Collaborate/Assets/Icons/conflicted-file-dark.png using Guid(16b10562fce5a0f4794872a75d897cc9) Importer(815301076,1909f56bfc062723c751e8b465ee728b)  -> (artifact id: 'eb2ee2ce1defb4a479305c652027316a') in 0.021106 seconds 
  Import took 0.025138 seconds .

========================================================================
Received Import Request.
  Time since last request: 0.000251 seconds.
  path: Packages/com.unity.collab-proxy/Editor/Collaborate/Assets/Icons/status-error-dark@2x.png
  artifactKey: Guid(a0fdac62174ca014b94a537688fc684d) Importer(815301076,1909f56bfc062723c751e8b465ee728b)
Start importing Packages/com.unity.collab-proxy/Editor/Collaborate/Assets/Icons/status-error-dark@2x.png using Guid(a0fdac62174ca014b94a537688fc684d) Importer(815301076,1909f56bfc062723c751e8b465ee728b)  -> (artifact id: 'a829884fb6fe7d147ebe51ac4d0c5134') in 0.040142 seconds 
  Import took 0.045302 seconds .

========================================================================
Received Import Request.
  Time since last request: 0.000413 seconds.
  path: Packages/com.unity.collab-proxy/Editor/Collaborate/Assets/Icons/collaborate-dark.png
  artifactKey: Guid(8558913fe46542045b38c8f97ef8546a) Importer(815301076,1909f56bfc062723c751e8b465ee728b)
Start importing Packages/com.unity.collab-proxy/Editor/Collaborate/Assets/Icons/collaborate-dark.png using Guid(8558913fe46542045b38c8f97ef8546a) Importer(815301076,1909f56bfc062723c751e8b465ee728b)  -> (artifact id: '3fdd153a1bbe773f2f0f09a780ee425d') in 0.008670 seconds 
  Import took 0.013739 seconds .

========================================================================
Received Import Request.
  Time since last request: 0.000285 seconds.
  path: Packages/com.unity.collab-proxy/Editor/Collaborate/Assets/Icons/undo-dark@2x.png
  artifactKey: Guid(9af18154bd2effd4f813d58651798b5d) Importer(815301076,1909f56bfc062723c751e8b465ee728b)
Start importing Packages/com.unity.collab-proxy/Editor/Collaborate/Assets/Icons/undo-dark@2x.png using Guid(9af18154bd2effd4f813d58651798b5d) Importer(815301076,1909f56bfc062723c751e8b465ee728b)  -> (artifact id: 'b9dc86537150402dd36db277a0853fd7') in 0.005658 seconds 
  Import took 0.009988 seconds .

========================================================================
Received Import Request.
  Time since last request: 0.000360 seconds.
  path: Packages/com.unity.collab-proxy/Editor/Collaborate/Assets/Icons/show-dark@2x.png
  artifactKey: Guid(de4c62a7de5c61a41b5b0029b339f373) Importer(815301076,1909f56bfc062723c751e8b465ee728b)
Start importing Packages/com.unity.collab-proxy/Editor/Collaborate/Assets/Icons/show-dark@2x.png using Guid(de4c62a7de5c61a41b5b0029b339f373) Importer(815301076,1909f56bfc062723c751e8b465ee728b)  -> (artifact id: '60e8150a22d464ac936debab02e7f495') in 0.005156 seconds 
  Import took 0.009269 seconds .

========================================================================
Received Import Request.
  Time since last request: 0.000250 seconds.
  path: Packages/com.unity.collab-proxy/Editor/Collaborate/Assets/Icons/edited-file-dark.png
  artifactKey: Guid(bcc2167ce63c6264b9c1295e97bec6bc) Importer(815301076,1909f56bfc062723c751e8b465ee728b)
Start importing Packages/com.unity.collab-proxy/Editor/Collaborate/Assets/Icons/edited-file-dark.png using Guid(bcc2167ce63c6264b9c1295e97bec6bc) Importer(815301076,1909f56bfc062723c751e8b465ee728b)  -> (artifact id: '143b27875c3dc75bb499b6a2f1862188') in 0.006477 seconds 
  Import took 0.010339 seconds .

========================================================================
Received Import Request.
  Time since last request: 0.000280 seconds.
  path: Packages/com.unity.collab-proxy/Editor/Collaborate/Assets/Icons/status-info-dark@2x.png
  artifactKey: Guid(eba49403f5934c74b8114ead5f397592) Importer(815301076,1909f56bfc062723c751e8b465ee728b)
Start importing Packages/com.unity.collab-proxy/Editor/Collaborate/Assets/Icons/status-info-dark@2x.png using Guid(eba49403f5934c74b8114ead5f397592) Importer(815301076,1909f56bfc062723c751e8b465ee728b)  -> (artifact id: '95b7981ad266eb3bbbdec55c77dd1efd') in 0.006328 seconds 
  Import took 0.010089 seconds .

========================================================================
Received Import Request.
  Time since last request: 0.000272 seconds.
  path: Packages/com.unity.collab-proxy/Editor/Collaborate/Assets/Icons/moved-file-dark@2x.png
  artifactKey: Guid(d0c9bfe4ae0d68a4f945b3a8d983af01) Importer(815301076,1909f56bfc062723c751e8b465ee728b)
Start importing Packages/com.unity.collab-proxy/Editor/Collaborate/Assets/Icons/moved-file-dark@2x.png using Guid(d0c9bfe4ae0d68a4f945b3a8d983af01) Importer(815301076,1909f56bfc062723c751e8b465ee728b)  -> (artifact id: '16c47d55bf97ebc8e608218b63dd9a3d') in 0.005904 seconds 
  Import took 0.009762 seconds .

========================================================================
Received Import Request.
  Time since last request: 0.000227 seconds.
  path: Packages/com.unity.timeline/Editor/StyleSheets/Extensions/dark.uss
  artifactKey: Guid(5393cdb70614ab24f94f78bfcf5d1455) Importer(815301076,1909f56bfc062723c751e8b465ee728b)
Start importing Packages/com.unity.timeline/Editor/StyleSheets/Extensions/dark.uss using Guid(5393cdb70614ab24f94f78bfcf5d1455) Importer(815301076,1909f56bfc062723c751e8b465ee728b)  -> (artifact id: 'b1d13aea9f3236006455e0e2bf447135') in 0.012777 seconds 
  Import took 0.016233 seconds .

========================================================================
Received Import Request.
  Time since last request: 0.000264 seconds.
  path: Packages/com.unity.collab-proxy/Editor/Collaborate/Assets/Icons/status-error-dark.png
  artifactKey: Guid(8f169193df3d51042a705fa81fc46e72) Importer(815301076,1909f56bfc062723c751e8b465ee728b)
Start importing Packages/com.unity.collab-proxy/Editor/Collaborate/Assets/Icons/status-error-dark.png using Guid(8f169193df3d51042a705fa81fc46e72) Importer(815301076,1909f56bfc062723c751e8b465ee728b)  -> (artifact id: 'beb26b9fee7f5777f209068c98f44518') in 0.005864 seconds 
  Import took 0.011195 seconds .

========================================================================
Received Import Request.
  Time since last request: 0.000441 seconds.
  path: Packages/com.unity.collab-proxy/Editor/Collaborate/Assets/Icons/status-info-dark.png
  artifactKey: Guid(fa1ff86f20525894b9bd92f1b1909ccf) Importer(815301076,1909f56bfc062723c751e8b465ee728b)
Start importing Packages/com.unity.collab-proxy/Editor/Collaborate/Assets/Icons/status-info-dark.png using Guid(fa1ff86f20525894b9bd92f1b1909ccf) Importer(815301076,1909f56bfc062723c751e8b465ee728b)  -> (artifact id: '3548d0c76936ff40bf5d6fea3dedb2fd') in 0.005795 seconds 
  Import took 0.009832 seconds .

========================================================================
Received Import Request.
  Time since last request: 0.000295 seconds.
  path: Packages/com.unity.shadergraph/Editor/Resources/Icons/sg_graph_icon_gray_dark@16.png
  artifactKey: Guid(7129268cf102b2f45809905bcb27ce8b) Importer(815301076,1909f56bfc062723c751e8b465ee728b)
Start importing Packages/com.unity.shadergraph/Editor/Resources/Icons/sg_graph_icon_gray_dark@16.png using Guid(7129268cf102b2f45809905bcb27ce8b) Importer(815301076,1909f56bfc062723c751e8b465ee728b)  -> (artifact id: 'd19b77c0e86c6388bd870fc8d3b043da') in 0.008472 seconds 
  Import took 0.012395 seconds .

========================================================================
Received Import Request.
  Time since last request: 0.000281 seconds.
  path: Packages/com.unity.collab-proxy/Editor/Collaborate/Assets/Icons/collaborate-done-dark.png
  artifactKey: Guid(80c31f397a3ab184bae2f0d4b3dc5c1d) Importer(815301076,1909f56bfc062723c751e8b465ee728b)
Start importing Packages/com.unity.collab-proxy/Editor/Collaborate/Assets/Icons/collaborate-done-dark.png using Guid(80c31f397a3ab184bae2f0d4b3dc5c1d) Importer(815301076,1909f56bfc062723c751e8b465ee728b)  -> (artifact id: 'b91a9d38226609c787d6da104d2e8965') in 0.006322 seconds 
  Import took 0.010331 seconds .

========================================================================
Received Import Request.
  Time since last request: 0.000250 seconds.
  path: Packages/com.unity.collab-proxy/Editor/Collaborate/Assets/Icons/merge-conflicts-dark@2x.png
  artifactKey: Guid(7dc96f2ba3659a64eb632128d0705ddc) Importer(815301076,1909f56bfc062723c751e8b465ee728b)
Start importing Packages/com.unity.collab-proxy/Editor/Collaborate/Assets/Icons/merge-conflicts-dark@2x.png using Guid(7dc96f2ba3659a64eb632128d0705ddc) Importer(815301076,1909f56bfc062723c751e8b465ee728b)  -> (artifact id: '29e8d5ed0bc96380cf5102208c17700b') in 0.007371 seconds 
  Import took 0.010893 seconds .

========================================================================
Received Import Request.
  Time since last request: 0.000240 seconds.
  path: Packages/com.unity.collab-proxy/Editor/Collaborate/Assets/Icons/clear-dark@2x.png
  artifactKey: Guid(c98f350e47082844fa2954de4d2d5ff9) Importer(815301076,1909f56bfc062723c751e8b465ee728b)
Start importing Packages/com.unity.collab-proxy/Editor/Collaborate/Assets/Icons/clear-dark@2x.png using Guid(c98f350e47082844fa2954de4d2d5ff9) Importer(815301076,1909f56bfc062723c751e8b465ee728b)  -> (artifact id: '4ea675afccc0e784d932d68b2261a63c') in 0.006659 seconds 
  Import took 0.010761 seconds .

========================================================================
Received Import Request.
  Time since last request: 0.000292 seconds.
  path: Packages/com.unity.collab-proxy/Editor/Collaborate/Assets/Icons/collaborate-error-dark@2x.png
  artifactKey: Guid(0159d5999f4dc4545848ed42cd775ec4) Importer(815301076,1909f56bfc062723c751e8b465ee728b)
Start importing Packages/com.unity.collab-proxy/Editor/Collaborate/Assets/Icons/collaborate-error-dark@2x.png using Guid(0159d5999f4dc4545848ed42cd775ec4) Importer(815301076,1909f56bfc062723c751e8b465ee728b)  -> (artifact id: '040833436d546af901a6c5fd2ac07383') in 0.005533 seconds 
  Import took 0.010120 seconds .

========================================================================
Received Import Request.
  Time since last request: 0.000302 seconds.
  path: Packages/com.unity.collab-proxy/Editor/Collaborate/Assets/Icons/show-dark.png
  artifactKey: Guid(849b7119dad13a24397add67a7f78510) Importer(815301076,1909f56bfc062723c751e8b465ee728b)
Start importing Packages/com.unity.collab-proxy/Editor/Collaborate/Assets/Icons/show-dark.png using Guid(849b7119dad13a24397add67a7f78510) Importer(815301076,1909f56bfc062723c751e8b465ee728b)  -> (artifact id: '4bf3065c9898a40b8a735363b26a58b2') in 0.005143 seconds 
  Import took 0.009395 seconds .

========================================================================
Received Import Request.
  Time since last request: 0.000268 seconds.
  path: Packages/com.unity.collab-proxy/Editor/Collaborate/Assets/Icons/status-warning-dark@2x.png
  artifactKey: Guid(98d032c68be4a784ab77b461c5341fc8) Importer(815301076,1909f56bfc062723c751e8b465ee728b)
Start importing Packages/com.unity.collab-proxy/Editor/Collaborate/Assets/Icons/status-warning-dark@2x.png using Guid(98d032c68be4a784ab77b461c5341fc8) Importer(815301076,1909f56bfc062723c751e8b465ee728b)  -> (artifact id: 'a085196923bc25d96e35133e99ff14b0') in 0.007966 seconds 
  Import took 0.012383 seconds .

========================================================================
Received Import Request.
  Time since last request: 0.000292 seconds.
  path: Packages/com.unity.collab-proxy/Editor/Collaborate/Assets/Icons/collaborate-warning-dark@2x.png
  artifactKey: Guid(45308e2aea842dd4e87bb30395d6e303) Importer(815301076,1909f56bfc062723c751e8b465ee728b)
Start importing Packages/com.unity.collab-proxy/Editor/Collaborate/Assets/Icons/collaborate-warning-dark@2x.png using Guid(45308e2aea842dd4e87bb30395d6e303) Importer(815301076,1909f56bfc062723c751e8b465ee728b)  -> (artifact id: '56a04f88a92531651ef0b7d9228c5670') in 0.005079 seconds 
  Import took 0.010058 seconds .

========================================================================
Received Import Request.
  Time since last request: 0.000290 seconds.
  path: Packages/com.unity.collab-proxy/Editor/Collaborate/Assets/Icons/choose-mine-dark.png
  artifactKey: Guid(a972d8b163b45d54b89085acf50327e8) Importer(815301076,1909f56bfc062723c751e8b465ee728b)
Start importing Packages/com.unity.collab-proxy/Editor/Collaborate/Assets/Icons/choose-mine-dark.png using Guid(a972d8b163b45d54b89085acf50327e8) Importer(815301076,1909f56bfc062723c751e8b465ee728b)  -> (artifact id: '65890d9ffb8c683a83ca664b4482600c') in 0.005505 seconds 
  Import took 0.009516 seconds .

========================================================================
Received Import Request.
  Time since last request: 0.000269 seconds.
  path: Packages/com.unity.collab-proxy/Editor/Collaborate/Assets/Icons/choose-remote-dark@2x.png
  artifactKey: Guid(a26232d4d188e4440897131ed223d505) Importer(815301076,1909f56bfc062723c751e8b465ee728b)
Start importing Packages/com.unity.collab-proxy/Editor/Collaborate/Assets/Icons/choose-remote-dark@2x.png using Guid(a26232d4d188e4440897131ed223d505) Importer(815301076,1909f56bfc062723c751e8b465ee728b)  -> (artifact id: 'c111711ac57b105d9f1e7eb2414dbac7') in 0.005938 seconds 
  Import took 0.009716 seconds .

========================================================================
Received Import Request.
  Time since last request: 0.000277 seconds.
  path: Packages/com.unity.collab-proxy/Editor/Collaborate/Assets/Icons/diff-dark@2x.png
  artifactKey: Guid(1875b6a8fb148514ab1d9494eae2dd9e) Importer(815301076,1909f56bfc062723c751e8b465ee728b)
Start importing Packages/com.unity.collab-proxy/Editor/Collaborate/Assets/Icons/diff-dark@2x.png using Guid(1875b6a8fb148514ab1d9494eae2dd9e) Importer(815301076,1909f56bfc062723c751e8b465ee728b)  -> (artifact id: 'ef762a6becb2f9ebb9b05b04f0e9453f') in 0.005627 seconds 
  Import took 0.009161 seconds .

========================================================================
Received Import Request.
  Time since last request: 0.000251 seconds.
  path: Packages/com.unity.collab-proxy/Editor/Collaborate/Assets/Icons/publish-dark@2x.png
  artifactKey: Guid(4bc6c7e602886fd42918d903a7393536) Importer(815301076,1909f56bfc062723c751e8b465ee728b)
Start importing Packages/com.unity.collab-proxy/Editor/Collaborate/Assets/Icons/publish-dark@2x.png using Guid(4bc6c7e602886fd42918d903a7393536) Importer(815301076,1909f56bfc062723c751e8b465ee728b)  -> (artifact id: '202660e845041310e766f395f69e602c') in 0.006014 seconds 
  Import took 0.010526 seconds .

========================================================================
Received Import Request.
  Time since last request: 0.000261 seconds.
  path: Packages/com.unity.collab-proxy/Editor/Collaborate/Assets/Icons/undo-dark.png
  artifactKey: Guid(9f379314652051f4aa49201b44eae54d) Importer(815301076,1909f56bfc062723c751e8b465ee728b)
Start importing Packages/com.unity.collab-proxy/Editor/Collaborate/Assets/Icons/undo-dark.png using Guid(9f379314652051f4aa49201b44eae54d) Importer(815301076,1909f56bfc062723c751e8b465ee728b)  -> (artifact id: '97b89b3df0a1d3d68c80becf7d8c372f') in 0.005612 seconds 
  Import took 0.010103 seconds .

========================================================================
Received Import Request.
  Time since last request: 0.000305 seconds.
  path: Packages/com.unity.collab-proxy/Editor/Collaborate/Assets/Icons/diff-dark.png
  artifactKey: Guid(06bb2a7fb040987409dae109d185de22) Importer(815301076,1909f56bfc062723c751e8b465ee728b)
Start importing Packages/com.unity.collab-proxy/Editor/Collaborate/Assets/Icons/diff-dark.png using Guid(06bb2a7fb040987409dae109d185de22) Importer(815301076,1909f56bfc062723c751e8b465ee728b)  -> (artifact id: '5f132d36da1ffb491eb327ac6ce60526') in 0.005232 seconds 
  Import took 0.009134 seconds .

========================================================================
Received Import Request.
  Time since last request: 0.000381 seconds.
  path: Packages/com.unity.collab-proxy/Editor/PlasticSCM/Assets/Styles/PlasticWindow/PlasticWindow.dark.uss
  artifactKey: Guid(4d86c0522b1621f429b550217af2797d) Importer(815301076,1909f56bfc062723c751e8b465ee728b)
Start importing Packages/com.unity.collab-proxy/Editor/PlasticSCM/Assets/Styles/PlasticWindow/PlasticWindow.dark.uss using Guid(4d86c0522b1621f429b550217af2797d) Importer(815301076,1909f56bfc062723c751e8b465ee728b)  -> (artifact id: 'e72fae0690bed01557801bdd79697378') in 0.003824 seconds 
  Import took 0.008484 seconds .

========================================================================
Received Import Request.
  Time since last request: 0.000323 seconds.
  path: Packages/com.unity.collab-proxy/Editor/Collaborate/Assets/Icons/status-warning-dark.png
  artifactKey: Guid(c2d8bb87691276f4d93f1b74330d1d90) Importer(815301076,1909f56bfc062723c751e8b465ee728b)
Start importing Packages/com.unity.collab-proxy/Editor/Collaborate/Assets/Icons/status-warning-dark.png using Guid(c2d8bb87691276f4d93f1b74330d1d90) Importer(815301076,1909f56bfc062723c751e8b465ee728b)  -> (artifact id: 'f0de9fd193a4368056ca42a2e78885bc') in 0.005955 seconds 
  Import took 0.009911 seconds .

========================================================================
Received Import Request.
  Time since last request: 0.000294 seconds.
  path: Packages/com.unity.collab-proxy/Editor/Collaborate/Assets/Icons/deleted-file-dark@2x.png
  artifactKey: Guid(a7d900a247e707e45a257328c3ee381e) Importer(815301076,1909f56bfc062723c751e8b465ee728b)
Start importing Packages/com.unity.collab-proxy/Editor/Collaborate/Assets/Icons/deleted-file-dark@2x.png using Guid(a7d900a247e707e45a257328c3ee381e) Importer(815301076,1909f56bfc062723c751e8b465ee728b)  -> (artifact id: '52dc096208779caa4277aba6a90551dd') in 0.006717 seconds 
  Import took 0.010832 seconds .

========================================================================
Received Import Request.
  Time since last request: 0.000274 seconds.
  path: Packages/com.unity.collab-proxy/Editor/Collaborate/Assets/Icons/collaborate-available-changes-dark.png
  artifactKey: Guid(07ab2758fd6b77141ae34a703972f385) Importer(815301076,1909f56bfc062723c751e8b465ee728b)
Start importing Packages/com.unity.collab-proxy/Editor/Collaborate/Assets/Icons/collaborate-available-changes-dark.png using Guid(07ab2758fd6b77141ae34a703972f385) Importer(815301076,1909f56bfc062723c751e8b465ee728b)  -> (artifact id: '9a1d4c62e50b3062ddea46f2506f78d3') in 0.006508 seconds 
  Import took 0.010318 seconds .

========================================================================
Received Import Request.
  Time since last request: 0.000314 seconds.
  path: Packages/com.unity.collab-proxy/Editor/Collaborate/Assets/Icons/loading-dark.png
  artifactKey: Guid(ddc4c89f94d2d994c8d7275e3929ff60) Importer(815301076,1909f56bfc062723c751e8b465ee728b)
Start importing Packages/com.unity.collab-proxy/Editor/Collaborate/Assets/Icons/loading-dark.png using Guid(ddc4c89f94d2d994c8d7275e3929ff60) Importer(815301076,1909f56bfc062723c751e8b465ee728b)  -> (artifact id: 'a74ac2c172c2a6f8c08ff5360fb05be8') in 0.006534 seconds 
  Import took 0.010101 seconds .

========================================================================
Received Import Request.
  Time since last request: 0.000272 seconds.
  path: Packages/com.unity.collab-proxy/Editor/Collaborate/Assets/Icons/collaborate-incoming-dark.png
  artifactKey: Guid(4f1f02bee0a5ae24aac00a40a212299a) Importer(815301076,1909f56bfc062723c751e8b465ee728b)
Start importing Packages/com.unity.collab-proxy/Editor/Collaborate/Assets/Icons/collaborate-incoming-dark.png using Guid(4f1f02bee0a5ae24aac00a40a212299a) Importer(815301076,1909f56bfc062723c751e8b465ee728b)  -> (artifact id: '1fde370c92d413ccbe96d66f1a70433e') in 0.007149 seconds 
  Import took 0.011003 seconds .

========================================================================
Received Import Request.
  Time since last request: 0.000378 seconds.
  path: Packages/com.unity.collab-proxy/Editor/Collaborate/Assets/Icons/search-dark@2x.png
  artifactKey: Guid(09996e28fa830fb4283b19f26584c9f2) Importer(815301076,1909f56bfc062723c751e8b465ee728b)
Start importing Packages/com.unity.collab-proxy/Editor/Collaborate/Assets/Icons/search-dark@2x.png using Guid(09996e28fa830fb4283b19f26584c9f2) Importer(815301076,1909f56bfc062723c751e8b465ee728b)  -> (artifact id: '86691f6bff5ccabd85f1bb4d46abb770') in 0.006615 seconds 
  Import took 0.010322 seconds .

========================================================================
Received Import Request.
  Time since last request: 0.000253 seconds.
  path: Packages/com.unity.probuilder/Content/Resources/Materials/StandardVertexColorLWRP.mat
  artifactKey: Guid(077a003b1de1e4c35923be7a21b5d948) Importer(815301076,1909f56bfc062723c751e8b465ee728b)
Start importing Packages/com.unity.probuilder/Content/Resources/Materials/StandardVertexColorLWRP.mat using Guid(077a003b1de1e4c35923be7a21b5d948) Importer(815301076,1909f56bfc062723c751e8b465ee728b)  -> (artifact id: '7dd53f1a95c970b3c37f59e4c6214781') in 0.008812 seconds 
  Import took 0.012501 seconds .

========================================================================
Received Import Request.
  Time since last request: 0.000327 seconds.
  path: Packages/com.unity.collab-proxy/Editor/Collaborate/Assets/Icons/merge-dark.png
  artifactKey: Guid(a7dda6e49f4dd1c4bb0fac36bf812173) Importer(815301076,1909f56bfc062723c751e8b465ee728b)
Start importing Packages/com.unity.collab-proxy/Editor/Collaborate/Assets/Icons/merge-dark.png using Guid(a7dda6e49f4dd1c4bb0fac36bf812173) Importer(815301076,1909f56bfc062723c751e8b465ee728b)  -> (artifact id: 'f91f8bed1b2b050ba99669254cd5e27b') in 0.005849 seconds 
  Import took 0.011598 seconds .

========================================================================
Received Import Request.
  Time since last request: 0.000318 seconds.
  path: Packages/com.unity.collab-proxy/Editor/Collaborate/Assets/Icons/collaborate-progress-dark.png
  artifactKey: Guid(60706f973daf4764e81c846ce1a8e183) Importer(815301076,1909f56bfc062723c751e8b465ee728b)
Start importing Packages/com.unity.collab-proxy/Editor/Collaborate/Assets/Icons/collaborate-progress-dark.png using Guid(60706f973daf4764e81c846ce1a8e183) Importer(815301076,1909f56bfc062723c751e8b465ee728b)  -> (artifact id: 'e855f9edb8b1c4e47737f6f984e9af7d') in 0.007022 seconds 
  Import took 0.010922 seconds .

========================================================================
Received Import Request.
  Time since last request: 0.000273 seconds.
  path: Packages/com.unity.collab-proxy/Editor/Collaborate/Assets/Icons/more-vert-dark.png
  artifactKey: Guid(3cf437657a48d3f4790401155e66704c) Importer(815301076,1909f56bfc062723c751e8b465ee728b)
Start importing Packages/com.unity.collab-proxy/Editor/Collaborate/Assets/Icons/more-vert-dark.png using Guid(3cf437657a48d3f4790401155e66704c) Importer(815301076,1909f56bfc062723c751e8b465ee728b)  -> (artifact id: 'b14ea2703872482ed5c73c5321197fde') in 0.005677 seconds 
  Import took 0.009856 seconds .

========================================================================
Received Import Request.
  Time since last request: 0.000441 seconds.
  path: Packages/com.unity.collab-proxy/Editor/Collaborate/Assets/Icons/moved-file-dark.png
  artifactKey: Guid(e3ea510ab0d9de74d825181746b18285) Importer(815301076,1909f56bfc062723c751e8b465ee728b)
Start importing Packages/com.unity.collab-proxy/Editor/Collaborate/Assets/Icons/moved-file-dark.png using Guid(e3ea510ab0d9de74d825181746b18285) Importer(815301076,1909f56bfc062723c751e8b465ee728b)  -> (artifact id: '291cf6d4e6ab161e524e2f5dbcb72188') in 0.006011 seconds 
  Import took 0.009672 seconds .

========================================================================
Received Import Request.
  Time since last request: 0.000250 seconds.
  path: Packages/com.unity.collab-proxy/Editor/Collaborate/Assets/Icons/back-dark.png
  artifactKey: Guid(8e3ec2dfd58b79842aa78376678a9a05) Importer(815301076,1909f56bfc062723c751e8b465ee728b)
Start importing Packages/com.unity.collab-proxy/Editor/Collaborate/Assets/Icons/back-dark.png using Guid(8e3ec2dfd58b79842aa78376678a9a05) Importer(815301076,1909f56bfc062723c751e8b465ee728b)  -> (artifact id: '127678247baa4e2d12cae1e3220d77df') in 0.007606 seconds 
  Import took 0.011215 seconds .

========================================================================
Received Import Request.
  Time since last request: 0.000247 seconds.
  path: Packages/com.unity.collab-proxy/Editor/Collaborate/Assets/Icons/loading-dark@2x.png
  artifactKey: Guid(d021820613d286f48915c2de657245d5) Importer(815301076,1909f56bfc062723c751e8b465ee728b)
Start importing Packages/com.unity.collab-proxy/Editor/Collaborate/Assets/Icons/loading-dark@2x.png using Guid(d021820613d286f48915c2de657245d5) Importer(815301076,1909f56bfc062723c751e8b465ee728b)  -> (artifact id: '04e6fe561ff8db7406a8268576cab7e1') in 0.005551 seconds 
  Import took 0.009308 seconds .

========================================================================
Received Import Request.
  Time since last request: 0.000266 seconds.
  path: Packages/com.unity.collab-proxy/Editor/Collaborate/Assets/Icons/search-dark.png
  artifactKey: Guid(3b44c1da064d3bf46be68efbc875596e) Importer(815301076,1909f56bfc062723c751e8b465ee728b)
Start importing Packages/com.unity.collab-proxy/Editor/Collaborate/Assets/Icons/search-dark.png using Guid(3b44c1da064d3bf46be68efbc875596e) Importer(815301076,1909f56bfc062723c751e8b465ee728b)  -> (artifact id: 'ac1402276e82ee5ab5f7d1c413a1903c') in 0.006807 seconds 
  Import took 0.010875 seconds .

========================================================================
Received Import Request.
  Time since last request: 0.000284 seconds.
  path: Packages/com.unity.collab-proxy/Editor/Collaborate/Assets/Icons/merge-dark@2x.png
  artifactKey: Guid(6b972fca7700d6748b66eb72f2072e74) Importer(815301076,1909f56bfc062723c751e8b465ee728b)
Start importing Packages/com.unity.collab-proxy/Editor/Collaborate/Assets/Icons/merge-dark@2x.png using Guid(6b972fca7700d6748b66eb72f2072e74) Importer(815301076,1909f56bfc062723c751e8b465ee728b)  -> (artifact id: '5f553bcd709c74394a56ae721bbad19c') in 0.005641 seconds 
  Import took 0.011251 seconds .

========================================================================
Received Import Request.
  Time since last request: 0.000270 seconds.
  path: Packages/com.unity.collab-proxy/Editor/Collaborate/Assets/Icons/back-dark@2x.png
  artifactKey: Guid(9c6313a5316f8a34b852bf94ff96e3ab) Importer(815301076,1909f56bfc062723c751e8b465ee728b)
Start importing Packages/com.unity.collab-proxy/Editor/Collaborate/Assets/Icons/back-dark@2x.png using Guid(9c6313a5316f8a34b852bf94ff96e3ab) Importer(815301076,1909f56bfc062723c751e8b465ee728b)  -> (artifact id: '567365e3854f9b4349f70a903f4a4de3') in 0.006125 seconds 
  Import took 0.010023 seconds .

========================================================================
Received Import Request.
  Time since last request: 0.000278 seconds.
  path: Packages/com.unity.collab-proxy/Editor/Collaborate/Assets/Icons/collaborate-incoming-dark@2x.png
  artifactKey: Guid(a9fa02cdd2d760c43a0e69ba0fa49dab) Importer(815301076,1909f56bfc062723c751e8b465ee728b)
Start importing Packages/com.unity.collab-proxy/Editor/Collaborate/Assets/Icons/collaborate-incoming-dark@2x.png using Guid(a9fa02cdd2d760c43a0e69ba0fa49dab) Importer(815301076,1909f56bfc062723c751e8b465ee728b)  -> (artifact id: 'bdc98a1c43dbb85760447a61bd9c1d7e') in 0.006452 seconds 
  Import took 0.010247 seconds .

========================================================================
Received Import Request.
  Time since last request: 0.000292 seconds.
  path: Packages/com.unity.collab-proxy/Editor/Collaborate/Assets/Icons/collaborate-warning-dark.png
  artifactKey: Guid(0e3edcdf6743ba643999fb3882f1cc15) Importer(815301076,1909f56bfc062723c751e8b465ee728b)
Start importing Packages/com.unity.collab-proxy/Editor/Collaborate/Assets/Icons/collaborate-warning-dark.png using Guid(0e3edcdf6743ba643999fb3882f1cc15) Importer(815301076,1909f56bfc062723c751e8b465ee728b)  -> (artifact id: 'e54f3880173b9edf9baf58450394d661') in 0.005927 seconds 
  Import took 0.010305 seconds .

========================================================================
Received Import Request.
  Time since last request: 0.000235 seconds.
  path: Packages/com.unity.collab-proxy/Editor/Collaborate/Assets/Icons/more-vert-dark@2x.png
  artifactKey: Guid(366c5b350c052f34aa6909c6563fb9e9) Importer(815301076,1909f56bfc062723c751e8b465ee728b)
Start importing Packages/com.unity.collab-proxy/Editor/Collaborate/Assets/Icons/more-vert-dark@2x.png using Guid(366c5b350c052f34aa6909c6563fb9e9) Importer(815301076,1909f56bfc062723c751e8b465ee728b)  -> (artifact id: '5583d11d1eab61d08b7be0123e47939d') in 0.005324 seconds 
  Import took 0.009410 seconds .

========================================================================
Received Import Request.
  Time since last request: 0.000381 seconds.
  path: Packages/com.unity.collab-proxy/Editor/Collaborate/Assets/Icons/added-file-dark@2x.png
  artifactKey: Guid(c223e0c507e2c6549a2cb97441b62cbe) Importer(815301076,1909f56bfc062723c751e8b465ee728b)
Start importing Packages/com.unity.collab-proxy/Editor/Collaborate/Assets/Icons/added-file-dark@2x.png using Guid(c223e0c507e2c6549a2cb97441b62cbe) Importer(815301076,1909f56bfc062723c751e8b465ee728b)  -> (artifact id: '7117a7a432eba16d6749d5796e9d08f8') in 0.007039 seconds 
  Import took 0.011073 seconds .

========================================================================
Received Import Request.
  Time since last request: 0.000280 seconds.
  path: Packages/com.unity.collab-proxy/Editor/Collaborate/Assets/Icons/clear-dark.png
  artifactKey: Guid(432426364f0e2474b9817a7e5b9dd1c2) Importer(815301076,1909f56bfc062723c751e8b465ee728b)
Start importing Packages/com.unity.collab-proxy/Editor/Collaborate/Assets/Icons/clear-dark.png using Guid(432426364f0e2474b9817a7e5b9dd1c2) Importer(815301076,1909f56bfc062723c751e8b465ee728b)  -> (artifact id: '030511a6bc6ba0bef5d7071886cd55a6') in 0.005322 seconds 
  Import took 0.009409 seconds .

========================================================================
Received Import Request.
  Time since last request: 0.000483 seconds.
  path: Packages/com.unity.collab-proxy/Editor/Collaborate/Assets/Icons/collaborate-available-changes-dark@2x.png
  artifactKey: Guid(1a2cea5a396ff5d4a8f740bd5d8726b0) Importer(815301076,1909f56bfc062723c751e8b465ee728b)
Start importing Packages/com.unity.collab-proxy/Editor/Collaborate/Assets/Icons/collaborate-available-changes-dark@2x.png using Guid(1a2cea5a396ff5d4a8f740bd5d8726b0) Importer(815301076,1909f56bfc062723c751e8b465ee728b)  -> (artifact id: 'b112e2cb6b8e06de3f80cf5250c93c12') in 0.006274 seconds 
  Import took 0.010641 seconds .

========================================================================
Received Import Request.
  Time since last request: 0.000273 seconds.
  path: Packages/com.unity.collab-proxy/Editor/Collaborate/Assets/Icons/clear-dark.png
  artifactKey: Guid(432426364f0e2474b9817a7e5b9dd1c2) Importer(815301076,1909f56bfc062723c751e8b465ee728b)
Start importing Packages/com.unity.collab-proxy/Editor/Collaborate/Assets/Icons/clear-dark.png using Guid(432426364f0e2474b9817a7e5b9dd1c2) Importer(815301076,1909f56bfc062723c751e8b465ee728b)  -> (artifact id: '030511a6bc6ba0bef5d7071886cd55a6') in 0.009193 seconds 
  Import took 0.013160 seconds .

========================================================================
Received Import Request.
  Time since last request: 0.000294 seconds.
  path: Packages/com.unity.collab-proxy/Editor/Collaborate/Assets/Icons/publish-dark.png
  artifactKey: Guid(fdbd7df1b46f4714fbb0174e505f5a31) Importer(815301076,1909f56bfc062723c751e8b465ee728b)
Start importing Packages/com.unity.collab-proxy/Editor/Collaborate/Assets/Icons/publish-dark.png using Guid(fdbd7df1b46f4714fbb0174e505f5a31) Importer(815301076,1909f56bfc062723c751e8b465ee728b)  -> (artifact id: '87ba3120466a1a596e4d25798d6a07ff') in 0.005868 seconds 
  Import took 0.010589 seconds .

========================================================================
Received Import Request.
  Time since last request: 0.000304 seconds.
  path: Packages/com.unity.collab-proxy/Editor/Collaborate/Assets/Icons/collaborate-available-changes-dark@2x.png
  artifactKey: Guid(1a2cea5a396ff5d4a8f740bd5d8726b0) Importer(815301076,1909f56bfc062723c751e8b465ee728b)
Start importing Packages/com.unity.collab-proxy/Editor/Collaborate/Assets/Icons/collaborate-available-changes-dark@2x.png using Guid(1a2cea5a396ff5d4a8f740bd5d8726b0) Importer(815301076,1909f56bfc062723c751e8b465ee728b)  -> (artifact id: 'b112e2cb6b8e06de3f80cf5250c93c12') in 0.005185 seconds 
  Import took 0.009058 seconds .

========================================================================
Received Import Request.
  Time since last request: 0.000275 seconds.
  path: Packages/com.unity.collab-proxy/Editor/Collaborate/Assets/Icons/collaborate-progress-dark@2x.png
  artifactKey: Guid(116a8defb66aa304d97c1fd15f044486) Importer(815301076,1909f56bfc062723c751e8b465ee728b)
Start importing Packages/com.unity.collab-proxy/Editor/Collaborate/Assets/Icons/collaborate-progress-dark@2x.png using Guid(116a8defb66aa304d97c1fd15f044486) Importer(815301076,1909f56bfc062723c751e8b465ee728b)  -> (artifact id: '2ece9685273379a9eb29ee7132e61973') in 0.006972 seconds 
  Import took 0.011724 seconds .

========================================================================
Received Import Request.
  Time since last request: 0.000277 seconds.
  path: Packages/com.unity.probuilder/Content/Resources/Materials/StandardVertexColorHDRP.mat
  artifactKey: Guid(c35693c079f3840f7938a4a323096e84) Importer(815301076,1909f56bfc062723c751e8b465ee728b)
Start importing Packages/com.unity.probuilder/Content/Resources/Materials/StandardVertexColorHDRP.mat using Guid(c35693c079f3840f7938a4a323096e84) Importer(815301076,1909f56bfc062723c751e8b465ee728b)  -> (artifact id: '4898ecb15b18d657cff0ef6fc0ccc918') in 0.006940 seconds 
  Import took 0.011090 seconds .

========================================================================
Received Import Request.
  Time since last request: 0.000271 seconds.
  path: Packages/com.unity.shadergraph/Editor/Resources/Icons/sg_subgraph_icon_gray_dark@16.png
  artifactKey: Guid(18c6490536702e840b89a326d93a92a1) Importer(815301076,1909f56bfc062723c751e8b465ee728b)
Start importing Packages/com.unity.shadergraph/Editor/Resources/Icons/sg_subgraph_icon_gray_dark@16.png using Guid(18c6490536702e840b89a326d93a92a1) Importer(815301076,1909f56bfc062723c751e8b465ee728b)  -> (artifact id: '0afdcf78e4a06720b249b5c19a3651b8') in 0.005937 seconds 
  Import took 0.009749 seconds .

========================================================================
Received Import Request.
  Time since last request: 11.436535 seconds.
  path: Assets/Dark Grey Washing Machine/Prefabs
  artifactKey: Guid(300c9b99695d3e3488891ba4682ef31c) Importer(815301076,1909f56bfc062723c751e8b465ee728b)
Start importing Assets/Dark Grey Washing Machine/Prefabs using Guid(300c9b99695d3e3488891ba4682ef31c) Importer(815301076,1909f56bfc062723c751e8b465ee728b)  -> (artifact id: 'e719eaf276c266a7fbf68c5170a79b2b') in 0.001704 seconds 
  Import took 0.006556 seconds .

========================================================================
Received Import Request.
  Time since last request: 89.909124 seconds.
  path: Packages/com.unity.probuilder/Content/Resources/Materials/InvisibleFace.mat
  artifactKey: Guid(978bbcf5050244f1b95128c04103f628) Importer(815301076,1909f56bfc062723c751e8b465ee728b)
Start importing Packages/com.unity.probuilder/Content/Resources/Materials/InvisibleFace.mat using Guid(978bbcf5050244f1b95128c04103f628) Importer(815301076,1909f56bfc062723c751e8b465ee728b)  -> (artifact id: '6d1d76733010469944841b9ed426a584') in 0.030930 seconds 
  Import took 0.035201 seconds .

========================================================================
Received Import Request.
  Time since last request: 359.843965 seconds.
  path: Assets/Public toilet/Materials
  artifactKey: Guid(18d327e99c21d70409a5da1c02834167) Importer(815301076,1909f56bfc062723c751e8b465ee728b)
Start importing Assets/Public toilet/Materials using Guid(18d327e99c21d70409a5da1c02834167) Importer(815301076,1909f56bfc062723c751e8b465ee728b)  -> (artifact id: '196df847b1fd908b7d701a1adc19dc49') in 0.001797 seconds 
  Import took 0.006809 seconds .

========================================================================
Received Import Request.
  Time since last request: 4.623245 seconds.
  path: Assets/Public toilet/Materials/New Material 1.mat
  artifactKey: Guid(c33de343aa7d9d14d9977424d95adaf1) Importer(815301076,1909f56bfc062723c751e8b465ee728b)
Start importing Assets/Public toilet/Materials/New Material 1.mat using Guid(c33de343aa7d9d14d9977424d95adaf1) Importer(815301076,1909f56bfc062723c751e8b465ee728b)  -> (artifact id: 'e94de42341509781fc26f8a4d3fea8e6') in 0.083679 seconds 
  Import took 0.091642 seconds .

AssetImportWorkerClient::OnTransportError - code=2 error=End of file
